Log file open, 08/28/16 21:47:06
LogInit:Display: Running engine for game: MyProject
LogPlatformFile: Not using cached read wrapper
LogInit:Display: RandInit(334297393) SRandInit(334297396).
LogTaskGraph: Started task graph with 4 named threads and 7 total threads with 1 sets of task threads.
LogStats: Stats thread started at 0.079930
LogInit: Version: 4.12.5-3039270+++UE4+Release-4.12
LogInit: API Version: 2992821
LogInit: Net Version: 3039270
LogDevObjectVersion: Number of dev versions registered: 13
LogDevObjectVersion:   Dev-Blueprints (B0D832E4-1F89-4F0D-ACCF-7EB736FD4AA2): 3
LogDevObjectVersion:   Dev-Build (E1C64328-A22C-4D53-A36C-8E866417BD8C): 0
LogDevObjectVersion:   Dev-Core (375EC13C-06E4-48FB-B500-84F0262A717E): 1
LogDevObjectVersion:   Dev-Editor (E4B068ED-F494-42E9-A231-DA0B2E46BB41): 2
LogDevObjectVersion:   Dev-Framework (CFFC743F-43B0-4480-9391-14DF171D2073): 6
LogDevObjectVersion:   Dev-Mobile (B02B49B5-BB20-44E9-A304-32B752E40360): 0
LogDevObjectVersion:   Dev-Networking (A4E4105C-59A1-49B5-A7C5-40C4547EDFEE): 0
LogDevObjectVersion:   Dev-Online (39C831C9-5AE6-47DC-9A44-9C173E1C8E7C): 0
LogDevObjectVersion:   Dev-Physics (78F01B33-EBEA-4F98-B9B4-84EACCB95AA2): 0
LogDevObjectVersion:   Dev-Platform (6631380F-2D4D-43E0-8009-CF276956A95A): 0
LogDevObjectVersion:   Dev-Rendering (12F88B9F-8875-4AFC-A67C-D90C383ABD29): 2
LogDevObjectVersion:   Dev-Sequencer (7B5AE74C-D270-4C10-A958-57980B212A5A): 0
LogDevObjectVersion:   Dev-VR (D7296918-1DD6-4BDD-9DE2-64A83CC13884): 0
LogInit: Compiled (64-bit): Jul  6 2016 09:09:46
LogInit: Compiled with Visual C++: 19.00.23026.00
LogInit: Build Configuration: Development
LogInit: Branch Name: ++UE4+Release-4.12
LogInit: Command line:  
LogInit: Base directory: C:/Program Files/Epic Games/4.12/Engine/Binaries/Win64/
LogInit: Installed Engine Build: 1
LogInit: Using libcurl 7.41.0
LogInit:  - built for x86_64-pc-win32
LogInit:  - supports SSL with WinSSL
LogInit:  - other features:
LogInit:      CURL_VERSION_SSL
LogInit:      CURL_VERSION_IPV6
LogInit:      CURL_VERSION_ASYNCHDNS
LogInit:      CURL_VERSION_LARGEFILE
LogInit:      CURL_VERSION_IDN
LogInit:  CurlRequestOptions (configurable via config and command line):
LogInit:  - bVerifyPeer = true  - Libcurl will verify peer certificate
LogInit:  - bUseHttpProxy = false  - Libcurl will NOT use HTTP proxy
LogInit:  - bDontReuseConnections = false  - Libcurl will reuse connections
LogInit:  - CertBundlePath = nullptr  - Libcurl will use whatever was configured at build time.
LogInit: Presizing for max 8388607 objects, including 0 objects not considered by GC, pre-allocating 0 bytes for permanent pool.
LogInit: Object subsystem initialized
[2016.08.28-19.47.06:798][  0]LogInit: Selected Device Profile: [Windows]
[2016.08.28-19.47.06:798][  0]LogInit: Applying CVar settings loaded from the selected device profile: [Windows]
[2016.08.28-19.47.06:819][  0]LogInit: Computer: DESKTOP-SFIDO3C
[2016.08.28-19.47.06:819][  0]LogInit: User: MechanicalBoss4
[2016.08.28-19.47.06:819][  0]LogInit: CPU Page size=65536, Cores=4
[2016.08.28-19.47.06:819][  0]LogInit: High frequency timer resolution =3.220788 MHz
[2016.08.28-19.47.06:819][  0]LogMemory: Memory total: Physical=15.9GB (16GB approx)
[2016.08.28-19.47.06:819][  0]LogMemory: Platform Memory Stats for Windows
[2016.08.28-19.47.06:819][  0]LogMemory: Process Physical Memory: 190.84 MB used, 190.84 MB peak
[2016.08.28-19.47.06:819][  0]LogMemory: Process Virtual Memory: 195.00 MB used, 195.00 MB peak
[2016.08.28-19.47.06:819][  0]LogMemory: Physical Memory: 5626.63 MB used, 16291.69 MB total
[2016.08.28-19.47.06:819][  0]LogMemory: Virtual Memory: 554.02 MB used, 134217728.00 MB total
[2016.08.28-19.47.07:216][  0]LogD3D11RHI: D3D11 adapters:
[2016.08.28-19.47.07:245][  0]LogD3D11RHI:    0. 'NVIDIA GeForce GTX 960' (Feature Level 11_0)
[2016.08.28-19.47.07:245][  0]LogD3D11RHI:       4010/0/8145 MB DedicatedVideo/DedicatedSystem/SharedSystem, Outputs:1, VendorId:0x10de
[2016.08.28-19.47.07:247][  0]LogD3D11RHI:    1. 'Microsoft Basic Render Driver' (Feature Level 11_0)
[2016.08.28-19.47.07:247][  0]LogD3D11RHI:       0/0/8145 MB DedicatedVideo/DedicatedSystem/SharedSystem, Outputs:0, VendorId:0x1414
[2016.08.28-19.47.07:247][  0]LogD3D11RHI: Chosen D3D11 Adapter: 0
[2016.08.28-19.47.07:250][  0]LogD3D11RHI: Creating new Direct3DDevice
[2016.08.28-19.47.07:250][  0]LogD3D11RHI:     GPU DeviceId: 0x1401 (for the marketing name, search the web for "GPU Device Id")
[2016.08.28-19.47.07:250][  0]LogWindows: EnumDisplayDevices:
[2016.08.28-19.47.07:250][  0]LogWindows:    0. 'NVIDIA GeForce GTX 960' (P:1 D:1)
[2016.08.28-19.47.07:250][  0]LogWindows:    1. 'NVIDIA GeForce GTX 960' (P:0 D:0)
[2016.08.28-19.47.07:250][  0]LogWindows:    2. 'NVIDIA GeForce GTX 960' (P:0 D:0)
[2016.08.28-19.47.07:250][  0]LogWindows:    3. 'NVIDIA GeForce GTX 960' (P:0 D:0)
[2016.08.28-19.47.07:250][  0]LogWindows: DebugString: FoundDriverCount:4 
[2016.08.28-19.47.07:250][  0]LogD3D11RHI:     Adapter Name: NVIDIA GeForce GTX 960
[2016.08.28-19.47.07:250][  0]LogD3D11RHI:   Driver Version: 361.91 (internal:10.18.13.6191, unified:361.91)
[2016.08.28-19.47.07:250][  0]LogD3D11RHI:      Driver Date: 2-8-2016
[2016.08.28-19.47.07:250][  0]LogRHI: Texture pool is 1361 MB (70% of 1945 MB)
[2016.08.28-19.47.07:261][  0]LogD3D11RHI: Async texture creation enabled
[2016.08.28-19.47.07:276][  0]LogD3D11RHI: GPU Timing Frequency: 1000.000000 (Debug: 2 2)
[2016.08.28-19.47.07:276][  0]LogShaderCompilers: Guid format shader working directory is -1 characters bigger than the processId version (../../../../../../UnrealRespositoriosGit/MyProject/Intermediate/Shaders/WorkingDirectory/9116/).
[2016.08.28-19.47.07:277][  0]LogShaderCompilers: Cleaned the shader compiler working directory 'C:/Users/MECHAN~1/AppData/Local/Temp/UnrealShaderWorkingDir/6E4126694BA6DFC21E5946958B7C026E/'.
[2016.08.28-19.47.07:277][  0]LogShaderCompilers:Display: Using Local Shader Compiler.
[2016.08.28-19.47.08:105][  0]LogTemp:Display: Loaded TP AllDesktopTargetPlatform
[2016.08.28-19.47.08:115][  0]LogTemp:Display: Loaded TP WindowsClientTargetPlatform
[2016.08.28-19.47.08:125][  0]LogTemp:Display: Loaded TP WindowsNoEditorTargetPlatform
[2016.08.28-19.47.08:134][  0]LogTemp:Display: Loaded TP WindowsServerTargetPlatform
[2016.08.28-19.47.08:144][  0]LogTemp:Display: Loaded TP WindowsTargetPlatform
[2016.08.28-19.47.08:151][  0]LogTemp:Display: Loaded TP AndroidTargetPlatform
[2016.08.28-19.47.08:159][  0]LogTemp:Display: Loaded TP Android_ASTCTargetPlatform
[2016.08.28-19.47.08:166][  0]LogTemp:Display: Loaded TP Android_ATCTargetPlatform
[2016.08.28-19.47.08:174][  0]LogTemp:Display: Loaded TP Android_DXTTargetPlatform
[2016.08.28-19.47.08:181][  0]LogTemp:Display: Loaded TP Android_ETC1TargetPlatform
[2016.08.28-19.47.08:188][  0]LogTemp:Display: Loaded TP Android_ETC2TargetPlatform
[2016.08.28-19.47.08:203][  0]LogTemp:Display: Loaded TP Android_MultiTargetPlatform
[2016.08.28-19.47.08:203][  0]LogTemp:Display: Loaded TP Android_PVRTCTargetPlatform
[2016.08.28-19.47.08:204][  0]LogTemp:Display: Loaded TP HTML5TargetPlatform
[2016.08.28-19.47.08:226][  0]LogTemp:Display: Loaded TP IOSTargetPlatform
[2016.08.28-19.47.08:232][  0]LogTemp:Display: Loaded TP TVOSTargetPlatform
[2016.08.28-19.47.08:240][  0]LogTemp:Display: Loaded TP LinuxNoEditorTargetPlatform
[2016.08.28-19.47.08:247][  0]LogTemp:Display: Loaded TP LinuxServerTargetPlatform
[2016.08.28-19.47.08:254][  0]LogTemp:Display: Loaded TP LinuxTargetPlatform
[2016.08.28-19.47.08:254][  0]LogTargetPlatformManager:Display: Building Assets For Windows
[2016.08.28-19.47.08:343][  0]LogDerivedDataCache:Display: Max Cache Size: 512 MB
[2016.08.28-19.47.08:389][  0]LogDerivedDataCache: Loaded boot cache 0.05s 48MB C:/Users/MechanicalBoss4/AppData/Local/UnrealEngine/4.12/DerivedDataCache/Boot.ddc.
[2016.08.28-19.47.08:424][  0]LogDerivedDataCache:Display: Loaded Boot cache: C:/Users/MechanicalBoss4/AppData/Local/UnrealEngine/4.12/DerivedDataCache/Boot.ddc
[2016.08.28-19.47.08:424][  0]LogDerivedDataCache: FDerivedDataBackendGraph:  Pak pak cache file ../../../../../../UnrealRespositoriosGit/MyProject/DerivedDataCache/DDC.ddp not found, will not use a pak cache.
[2016.08.28-19.47.08:424][  0]LogDerivedDataCache: Unable to find inner node Pak for hierarchical cache Hierarchy.
[2016.08.28-19.47.08:424][  0]LogDerivedDataCache: FDerivedDataBackendGraph:  CompressedPak pak cache file ../../../../../../UnrealRespositoriosGit/MyProject/DerivedDataCache/Compressed.ddp not found, will not use a pak cache.
[2016.08.28-19.47.08:424][  0]LogDerivedDataCache: Unable to find inner node CompressedPak for hierarchical cache Hierarchy.
[2016.08.28-19.47.08:440][  0]LogDerivedDataCache:Display: Pak cache opened for reading ../../../Engine/DerivedDataCache/Compressed.ddp.
[2016.08.28-19.47.08:452][  0]LogDerivedDataCache: Using Local data cache path C:/Users/MechanicalBoss4/AppData/Local/UnrealEngine/Common/DerivedDataCache: Writable
[2016.08.28-19.47.08:608][  0]LogInit: Selected Device Profile: [Windows]
[2016.08.28-19.47.08:608][  0]LogContentStreaming: Texture pool size is 0.00 MB
[2016.08.28-19.47.08:748][  0]LogMeshUtilities: No automatic mesh reduction module available
[2016.08.28-19.47.08:748][  0]LogMeshUtilities: No automatic mesh merging module available
[2016.08.28-19.47.08:748][  0]LogMeshUtilities: No distributed automatic mesh merging module available
[2016.08.28-19.47.08:965][  0]LogAssetRegistry: FAssetRegistry took 0.0219 seconds to start up
[2016.08.28-19.47.08:980][  0]LogPackageLocalizationCache: Processed 3 localized package path(s) for 1 prioritized culture(s) in 0.010220 seconds
[2016.08.28-19.47.08:984][  0]LogUObjectArray: 28739 objects as part of root set at end of initial load.
[2016.08.28-19.47.08:984][  0]LogUObjectAllocator: 5855632 out of 0 bytes used by permanent object pool.
[2016.08.28-19.47.08:984][  0]LogUObjectArray: CloseDisregardForGC: 0/0 objects in disregard for GC pool
[2016.08.28-19.47.08:995][  0]LogInit: WinSock: version 1.1 (2.2), MaxSocks=32767, MaxUdp=65467
[2016.08.28-19.47.09:165][  0]LogSlate: SlateFontCache - WITH_FREETYPE: 1, WITH_HARFBUZZ: 1
[2016.08.28-19.47.09:165][  0]LogSlate: SlateFontCache - WITH_FREETYPE: 1, WITH_HARFBUZZ: 1
[2016.08.28-19.47.09:735][  0]LogUdpMessaging: Initializing bridge on interface 0.0.0.0:0 to multicast group 230.0.0.1:6666.
[2016.08.28-19.47.09:946][  0]SourceControl: Info Source control is disabled
[2016.08.28-19.47.09:974][  0]SourceControl: Info Source control is disabled
[2016.08.28-19.47.09:985][  0]SourceControl: Info Source control is disabled
[2016.08.28-19.47.09:994][  0]SourceControl: Info Source control is disabled
[2016.08.28-19.47.10:245][  0]LogEngine: Initializing Engine...
[2016.08.28-19.47.10:246][  0]LogHMD: SteamVR failed to initialize.  Err: 110
[2016.08.28-19.47.10:247][  0]LogHMD: SteamVR failed to initialize.  Err: 110
[2016.08.28-19.47.10:378][  0]LogAIModule: Creating AISystem for world NewWorld
[2016.08.28-19.47.10:384][  0]LogInit: XAudio2 using 'Audio digital (S/PDIF) (Dispositivo de High Definition Audio)' : 2 channels at 44.1 kHz using 16 bits per sample (channel mask 0x3)
[2016.08.28-19.47.10:392][  0]LogInit: FAudioDevice initialized.
[2016.08.28-19.47.10:418][  0]LogDerivedDataCache: Saved boot cache 0.03s 48MB C:/Users/MechanicalBoss4/AppData/Local/UnrealEngine/4.12/DerivedDataCache/Boot.ddc.
[2016.08.28-19.47.10:426][  0]LogInit: Texture streaming: Enabled
[2016.08.28-19.47.10:453][  0]LogInit: Transaction tracking system initialized
[2016.08.28-19.47.10:483][  0]BlueprintLog: New page: Editor Load
[2016.08.28-19.47.10:574][  0]LocalizationService: Info Localization service is disabled
[2016.08.28-19.47.10:643][  0]LogConsoleResponse:Display: 
[2016.08.28-19.47.10:734][  0]LogCook:Display: Max memory allowance for cook 8192mb
[2016.08.28-19.47.10:734][  0]LogCook:Display: Mobile HDR setting 1
[2016.08.28-19.47.10:844][  0]LogFileCache: Scanning file cache for directory 'C:/UnrealRespositoriosGit/MyProject/Content/' took 0.01s
[2016.08.28-19.47.10:845][  0]SourceControl: Info Source control is disabled
[2016.08.28-19.47.10:845][  0]Cmd: MAP LOAD FILE="../../../Engine/Content/Maps/Templates/Template_Default.umap" TEMPLATE=1 SHOWPROGRESS=1 FEATURELEVEL=3
[2016.08.28-19.47.10:845][  0]LightingResults: New page: Lighting Build
[2016.08.28-19.47.10:848][  0]MapCheck: New page: Map Check
[2016.08.28-19.47.10:848][  0]LightingResults: New page: Lighting Build
[2016.08.28-19.47.11:038][  0]LogAIModule: Creating AISystem for world Untitled_1
[2016.08.28-19.47.11:042][  0]LogEditorServer: Finished looking for orphan Actors (0.000 secs)
[2016.08.28-19.47.11:046][  0]Cmd: MAP CHECKDEP NOCLEARLOG
[2016.08.28-19.47.11:078][  0]MapCheck: Info Map check complete: 0 Error(s), 0 Warning(s), took 31.38ms to complete.
[2016.08.28-19.47.11:078][  0]LogFileHelpers: Loading map 'Template_Default' took 0.233
[2016.08.28-19.47.11:171][  0]LogCollectionManager: Loaded 0 collections in 0.003152 seconds
[2016.08.28-19.47.11:211][  0]LogFileCache: Scanning file cache for directory 'C:/UnrealRespositoriosGit/MyProject/Saved/Collections/' took 0.01s
[2016.08.28-19.47.11:211][  0]LogFileCache: Scanning file cache for directory 'C:/UnrealRespositoriosGit/MyProject/Content/Developers/MechanicalBoss4/Collections/' took 0.01s
[2016.08.28-19.47.11:211][  0]LogFileCache: Scanning file cache for directory 'C:/UnrealRespositoriosGit/MyProject/Content/Collections/' took 0.01s
[2016.08.28-19.47.11:211][  0]LogCollectionManager: Rebuilt the GUID cache for 0 collections in 0.000002 seconds
[2016.08.28-19.47.11:217][  0]LogContentBrowser: Native class hierarchy populated in 0.0068 seconds. Added 2047 classes and 369 folders.
[2016.08.28-19.47.11:222][  0]LogStats: UGameplayTagsManager::ConstructGameplayTagTree: Construct from data asset -  0.000 s
[2016.08.28-19.47.11:222][  0]LogStats: UGameplayTagsManager::ConstructGameplayTagTree: GameplayTagTreeChangedEvent.Broadcast -  0.000 s
[2016.08.28-19.47.11:223][  0]LogContentBrowser: Native class hierarchy updated for 'GameplayTags' in 0.0004 seconds. Added 12 classes and 0 folders.
[2016.08.28-19.47.11:229][  0]LogContentBrowser: Native class hierarchy updated for 'WidgetCarousel' in 0.0003 seconds. Added 0 classes and 0 folders.
[2016.08.28-19.47.13:239][  0]LogContentBrowser: Native class hierarchy updated for 'AddContentDialog' in 0.0004 seconds. Added 0 classes and 0 folders.
[2016.08.28-19.47.13:326][  0]LogContentBrowser: Native class hierarchy updated for 'SceneOutliner' in 0.0003 seconds. Added 1 classes and 2 folders.
[2016.08.28-19.47.13:341][  0]LogCrashTracker: Crashtracker disabled due to settings.
[2016.08.28-19.47.13:347][  0]LogUObjectGlobals:Warning: Failed to find object 'Class None.'
[2016.08.28-19.47.13:373][  0]LogContentBrowser: Native class hierarchy updated for 'HierarchicalLODOutliner' in 0.0003 seconds. Added 1 classes and 2 folders.
[2016.08.28-19.47.13:373][  0]LogLoad: Full Startup: 7.47 seconds (BP compile: 0.03 seconds)
[2016.08.28-19.47.13:373][  0]LogExternalProfiler: Found external profiler: VSPerf
[2016.08.28-19.47.13:373][  0]LogExternalProfiler: Using external profiler: VSPerf
[2016.08.28-19.47.13:383][  0]LogWindowsTextInputMethodSystem:Display: IME system now deactivated.
[2016.08.28-19.47.13:384][  0]LogOcInput: OculusInput pre-init called
[2016.08.28-19.47.13:399][  0]LogContentStreaming: Texture pool size now 1000 MB
[2016.08.28-19.47.13:684][  0]LogRenderer: Reallocating scene render targets to support 956x924 (Frame:2).
[2016.08.28-19.47.21:493][708]LogCollectionManager: Rebuilt the object cache for 0 collections in 0.000001 seconds (found 0 objects)
[2016.08.28-19.47.23:402][892]LogAssetRegistry: Asset discovery search completed in 14.4586 seconds
[2016.08.28-19.47.23:402][892]LogCollectionManager: Fixed up redirectors for 0 collections in 0.000008 seconds (updated 0 objects)
[2016.08.28-19.47.26:558][143]LogContentBrowser: Native class hierarchy updated for 'BlueprintGraph' in 0.0007 seconds. Added 111 classes and 0 folders.
[2016.08.28-19.48.05:671][ 13]LogAIModule: Creating AISystem for world Level1
[2016.08.28-19.48.05:717][ 13]Cmd: MAP LOAD FILE="../../../../../../UnrealRespositoriosGit/MyProject/Content/Blueprints/Level1.umap" TEMPLATE=0 SHOWPROGRESS=1 FEATURELEVEL=3
[2016.08.28-19.48.05:717][ 13]LightingResults: New page: Lighting Build
[2016.08.28-19.48.05:718][ 13]LoadErrors: New page: Loading map: Level1.umap
[2016.08.28-19.48.05:718][ 13]MapCheck: New page: Map Check
[2016.08.28-19.48.05:718][ 13]LightingResults: New page: Lighting Build
[2016.08.28-19.48.05:737][ 13]LogEditorServer: Finished looking for orphan Actors (0.000 secs)
[2016.08.28-19.48.05:763][ 13]Cmd: MAP CHECKDEP NOCLEARLOG
[2016.08.28-19.48.05:800][ 13]MapCheck: Info Map check complete: 0 Error(s), 0 Warning(s), took 36.369ms to complete.
[2016.08.28-19.48.05:800][ 13]LogFileHelpers: Loading map 'Level1' took 0.083
[2016.08.28-19.48.08:194][256]LogBlueprintUserMessages: Early PlayInEditor Detection: Level '/Game/Blueprints/Level1.Level1:PersistentLevel' has LevelScriptBlueprint '/Game/Blueprints/Level1.Level1:PersistentLevel.Level1' with GeneratedClass '/Game/Blueprints/Level1.Level1_C' with ClassGeneratedBy '/Game/Blueprints/Level1.Level1:PersistentLevel.Level1'
[2016.08.28-19.48.08:194][256]LogPlayLevel: PlayLevel: No blueprints needed recompiling
[2016.08.28-19.48.08:194][256]PIE: New page: PIE session: Level1 (Aug 28, 2016, 10:48:08 PM)
[2016.08.28-19.48.08:194][256]LogPlayLevel: Creating play world package: /Game/Blueprints/UEDPIE_0_Level1
[2016.08.28-19.48.08:197][256]LogPlayLevel: PIE: StaticDuplicateObject took: (0.002882s)
[2016.08.28-19.48.08:198][256]LogAIModule: Creating AISystem for world Level1
[2016.08.28-19.48.08:198][256]LogPlayLevel: PIE: World Init took: (0.000562s)
[2016.08.28-19.48.08:198][256]LogPlayLevel: PIE: Created PIE world by copying editor world from /Game/Blueprints/Level1.Level1 to /Game/Blueprints/UEDPIE_0_Level1.Level1 (0.003624s)
[2016.08.28-19.48.08:216][256]LogInit: XAudio2 using 'Audio digital (S/PDIF) (Dispositivo de High Definition Audio)' : 2 channels at 44.1 kHz using 16 bits per sample (channel mask 0x3)
[2016.08.28-19.48.08:222][256]LogInit: FAudioDevice initialized.
[2016.08.28-19.48.08:291][256]LogLinker:Warning: Can't find file '/Game/Blueprints/NewGameMode'
[2016.08.28-19.48.08:291][256]LogLinker:Warning: Can't find file '/Game/Blueprints/NewGameMode'
[2016.08.28-19.48.08:292][256]LogUObjectGlobals:Warning: Failed to find object 'Class /Game/Blueprints/NewGameMode.NewGameMode_C'
[2016.08.28-19.48.08:292][256]LogWorld: Game class is 'GameMode'
[2016.08.28-19.48.08:294][256]LogWorld: Bringing World /Game/Blueprints/UEDPIE_0_Level1.Level1 up for play (max tick rate 0) at 2016.08.28-21.48.08
[2016.08.28-19.48.08:294][256]LogWorld: Bringing up level for play took: 0.001793
[2016.08.28-19.48.08:299][256]LogContentBrowser: Native class hierarchy updated for 'MovieSceneCapture' in 0.0004 seconds. Added 11 classes and 0 folders.
[2016.08.28-19.48.08:299][256]PIE: Info Play in editor start time for /Game/Blueprints/UEDPIE_0_Level1 0.17
[2016.08.28-19.48.08:299][256]LogBlueprintUserMessages: Late PlayInEditor Detection: Level '/Game/Blueprints/Level1.Level1:PersistentLevel' has LevelScriptBlueprint '/Game/Blueprints/Level1.Level1:PersistentLevel.Level1' with GeneratedClass '/Game/Blueprints/Level1.Level1_C' with ClassGeneratedBy '/Game/Blueprints/Level1.Level1:PersistentLevel.Level1'
[2016.08.28-19.48.19:011][539]LogBlueprintUserMessages: Early EndPlayMap Detection: Level '/Game/Blueprints/Level1.Level1:PersistentLevel' has LevelScriptBlueprint '/Game/Blueprints/Level1.Level1:PersistentLevel.Level1' with GeneratedClass '/Game/Blueprints/Level1.Level1_C' with ClassGeneratedBy '/Game/Blueprints/Level1.Level1:PersistentLevel.Level1'
[2016.08.28-19.48.19:047][539]LogBlueprintUserMessages: Late EndPlayMap Detection: Level '/Game/Blueprints/Level1.Level1:PersistentLevel' has LevelScriptBlueprint '/Game/Blueprints/Level1.Level1:PersistentLevel.Level1' with GeneratedClass '/Game/Blueprints/Level1.Level1_C' with ClassGeneratedBy '/Game/Blueprints/Level1.Level1:PersistentLevel.Level1'
[2016.08.28-19.48.26:467][114]LogActorFactory: Actor Factory created Cube
[2016.08.28-19.48.29:191][426]LogActorFactory: Actor Factory created Cube
[2016.08.28-19.48.30:415][559]LogBlueprintUserMessages: Early PlayInEditor Detection: Level '/Game/Blueprints/Level1.Level1:PersistentLevel' has LevelScriptBlueprint '/Game/Blueprints/Level1.Level1:PersistentLevel.Level1' with GeneratedClass '/Game/Blueprints/Level1.Level1_C' with ClassGeneratedBy '/Game/Blueprints/Level1.Level1:PersistentLevel.Level1'
[2016.08.28-19.48.30:415][559]LogPlayLevel: PlayLevel: No blueprints needed recompiling
[2016.08.28-19.48.30:415][559]PIE: New page: PIE session: Level1 (Aug 28, 2016, 10:48:30 PM)
[2016.08.28-19.48.30:415][559]LogPlayLevel: Creating play world package: /Game/Blueprints/UEDPIE_0_Level1
[2016.08.28-19.48.30:418][559]LogPlayLevel: PIE: StaticDuplicateObject took: (0.002955s)
[2016.08.28-19.48.30:419][559]LogAIModule: Creating AISystem for world Level1
[2016.08.28-19.48.30:419][559]LogPlayLevel: PIE: World Init took: (0.000732s)
[2016.08.28-19.48.30:419][559]LogPlayLevel: PIE: Created PIE world by copying editor world from /Game/Blueprints/Level1.Level1 to /Game/Blueprints/UEDPIE_0_Level1.Level1 (0.003868s)
[2016.08.28-19.48.30:447][559]LogInit: XAudio2 using 'Audio digital (S/PDIF) (Dispositivo de High Definition Audio)' : 2 channels at 44.1 kHz using 16 bits per sample (channel mask 0x3)
[2016.08.28-19.48.30:452][559]LogInit: FAudioDevice initialized.
[2016.08.28-19.48.30:506][559]LogLinker:Warning: Can't find file '/Game/Blueprints/NewGameMode'
[2016.08.28-19.48.30:506][559]LogLinker:Warning: Can't find file '/Game/Blueprints/NewGameMode'
[2016.08.28-19.48.30:506][559]LogUObjectGlobals:Warning: Failed to find object 'Class /Game/Blueprints/NewGameMode.NewGameMode_C'
[2016.08.28-19.48.30:506][559]LogWorld: Game class is 'GameMode'
[2016.08.28-19.48.30:508][559]LogWorld: Bringing World /Game/Blueprints/UEDPIE_0_Level1.Level1 up for play (max tick rate 0) at 2016.08.28-21.48.30
[2016.08.28-19.48.30:509][559]LogWorld: Bringing up level for play took: 0.001959
[2016.08.28-19.48.30:510][559]PIE: Info Play in editor start time for /Game/Blueprints/UEDPIE_0_Level1 0.38
[2016.08.28-19.48.30:510][559]LogBlueprintUserMessages: Late PlayInEditor Detection: Level '/Game/Blueprints/Level1.Level1:PersistentLevel' has LevelScriptBlueprint '/Game/Blueprints/Level1.Level1:PersistentLevel.Level1' with GeneratedClass '/Game/Blueprints/Level1.Level1_C' with ClassGeneratedBy '/Game/Blueprints/Level1.Level1:PersistentLevel.Level1'
[2016.08.28-19.48.31:256][648]LogBlueprintUserMessages: Early EndPlayMap Detection: Level '/Game/Blueprints/Level1.Level1:PersistentLevel' has LevelScriptBlueprint '/Game/Blueprints/Level1.Level1:PersistentLevel.Level1' with GeneratedClass '/Game/Blueprints/Level1.Level1_C' with ClassGeneratedBy '/Game/Blueprints/Level1.Level1:PersistentLevel.Level1'
[2016.08.28-19.48.31:301][648]LogBlueprintUserMessages: Late EndPlayMap Detection: Level '/Game/Blueprints/Level1.Level1:PersistentLevel' has LevelScriptBlueprint '/Game/Blueprints/Level1.Level1:PersistentLevel.Level1' with GeneratedClass '/Game/Blueprints/Level1.Level1_C' with ClassGeneratedBy '/Game/Blueprints/Level1.Level1:PersistentLevel.Level1'
[2016.08.28-19.48.32:661][794]LogBlueprintUserMessages: Early PlayInEditor Detection: Level '/Game/Blueprints/Level1.Level1:PersistentLevel' has LevelScriptBlueprint '/Game/Blueprints/Level1.Level1:PersistentLevel.Level1' with GeneratedClass '/Game/Blueprints/Level1.Level1_C' with ClassGeneratedBy '/Game/Blueprints/Level1.Level1:PersistentLevel.Level1'
[2016.08.28-19.48.32:661][794]LogPlayLevel: PlayLevel: No blueprints needed recompiling
[2016.08.28-19.48.32:661][794]PIE: New page: PIE session: Level1 (Aug 28, 2016, 10:48:32 PM)
[2016.08.28-19.48.32:661][794]LogPlayLevel: Creating play world package: /Game/Blueprints/UEDPIE_0_Level1
[2016.08.28-19.48.32:664][794]LogPlayLevel: PIE: StaticDuplicateObject took: (0.002638s)
[2016.08.28-19.48.32:664][794]LogAIModule: Creating AISystem for world Level1
[2016.08.28-19.48.32:664][794]LogPlayLevel: PIE: World Init took: (0.000807s)
[2016.08.28-19.48.32:665][794]LogPlayLevel: PIE: Created PIE world by copying editor world from /Game/Blueprints/Level1.Level1 to /Game/Blueprints/UEDPIE_0_Level1.Level1 (0.003712s)
[2016.08.28-19.48.32:682][794]LogInit: XAudio2 using 'Audio digital (S/PDIF) (Dispositivo de High Definition Audio)' : 2 channels at 44.1 kHz using 16 bits per sample (channel mask 0x3)
[2016.08.28-19.48.32:687][794]LogInit: FAudioDevice initialized.
[2016.08.28-19.48.32:741][794]LogLinker:Warning: Can't find file '/Game/Blueprints/NewGameMode'
[2016.08.28-19.48.32:741][794]LogLinker:Warning: Can't find file '/Game/Blueprints/NewGameMode'
[2016.08.28-19.48.32:741][794]LogUObjectGlobals:Warning: Failed to find object 'Class /Game/Blueprints/NewGameMode.NewGameMode_C'
[2016.08.28-19.48.32:741][794]LogWorld: Game class is 'GameMode'
[2016.08.28-19.48.32:743][794]LogWorld: Bringing World /Game/Blueprints/UEDPIE_0_Level1.Level1 up for play (max tick rate 0) at 2016.08.28-21.48.32
[2016.08.28-19.48.32:744][794]LogWorld: Bringing up level for play took: 0.001818
[2016.08.28-19.48.32:744][794]PIE: Info Play in editor start time for /Game/Blueprints/UEDPIE_0_Level1 0.615
[2016.08.28-19.48.32:745][794]LogBlueprintUserMessages: Late PlayInEditor Detection: Level '/Game/Blueprints/Level1.Level1:PersistentLevel' has LevelScriptBlueprint '/Game/Blueprints/Level1.Level1:PersistentLevel.Level1' with GeneratedClass '/Game/Blueprints/Level1.Level1_C' with ClassGeneratedBy '/Game/Blueprints/Level1.Level1:PersistentLevel.Level1'
[2016.08.28-19.48.34:317][982]LogBlueprintUserMessages: Early EndPlayMap Detection: Level '/Game/Blueprints/Level1.Level1:PersistentLevel' has LevelScriptBlueprint '/Game/Blueprints/Level1.Level1:PersistentLevel.Level1' with GeneratedClass '/Game/Blueprints/Level1.Level1_C' with ClassGeneratedBy '/Game/Blueprints/Level1.Level1:PersistentLevel.Level1'
[2016.08.28-19.48.34:363][982]LogBlueprintUserMessages: Late EndPlayMap Detection: Level '/Game/Blueprints/Level1.Level1:PersistentLevel' has LevelScriptBlueprint '/Game/Blueprints/Level1.Level1:PersistentLevel.Level1' with GeneratedClass '/Game/Blueprints/Level1.Level1_C' with ClassGeneratedBy '/Game/Blueprints/Level1.Level1:PersistentLevel.Level1'
[2016.08.28-19.48.37:060][278]LogBlueprintUserMessages: Early PlayInEditor Detection: Level '/Game/Blueprints/Level1.Level1:PersistentLevel' has LevelScriptBlueprint '/Game/Blueprints/Level1.Level1:PersistentLevel.Level1' with GeneratedClass '/Game/Blueprints/Level1.Level1_C' with ClassGeneratedBy '/Game/Blueprints/Level1.Level1:PersistentLevel.Level1'
[2016.08.28-19.48.37:060][278]LogPlayLevel: PlayLevel: No blueprints needed recompiling
[2016.08.28-19.48.37:060][278]PIE: New page: PIE session: Level1 (Aug 28, 2016, 10:48:37 PM)
[2016.08.28-19.48.37:060][278]LogPlayLevel: Creating play world package: /Game/Blueprints/UEDPIE_0_Level1
[2016.08.28-19.48.37:063][278]LogPlayLevel: PIE: StaticDuplicateObject took: (0.002624s)
[2016.08.28-19.48.37:064][278]LogAIModule: Creating AISystem for world Level1
[2016.08.28-19.48.37:064][278]LogPlayLevel: PIE: World Init took: (0.000849s)
[2016.08.28-19.48.37:064][278]LogPlayLevel: PIE: Created PIE world by copying editor world from /Game/Blueprints/Level1.Level1 to /Game/Blueprints/UEDPIE_0_Level1.Level1 (0.003636s)
[2016.08.28-19.48.37:080][278]LogInit: XAudio2 using 'Audio digital (S/PDIF) (Dispositivo de High Definition Audio)' : 2 channels at 44.1 kHz using 16 bits per sample (channel mask 0x3)
[2016.08.28-19.48.37:086][278]LogInit: FAudioDevice initialized.
[2016.08.28-19.48.37:139][278]LogLinker:Warning: Can't find file '/Game/Blueprints/NewGameMode'
[2016.08.28-19.48.37:139][278]LogLinker:Warning: Can't find file '/Game/Blueprints/NewGameMode'
[2016.08.28-19.48.37:140][278]LogUObjectGlobals:Warning: Failed to find object 'Class /Game/Blueprints/NewGameMode.NewGameMode_C'
[2016.08.28-19.48.37:140][278]LogWorld: Game class is 'GameMode'
[2016.08.28-19.48.37:142][278]LogWorld: Bringing World /Game/Blueprints/UEDPIE_0_Level1.Level1 up for play (max tick rate 0) at 2016.08.28-21.48.37
[2016.08.28-19.48.37:143][278]LogWorld: Bringing up level for play took: 0.002196
[2016.08.28-19.48.37:144][278]PIE: Info Play in editor start time for /Game/Blueprints/UEDPIE_0_Level1 1.014
[2016.08.28-19.48.37:144][278]LogBlueprintUserMessages: Late PlayInEditor Detection: Level '/Game/Blueprints/Level1.Level1:PersistentLevel' has LevelScriptBlueprint '/Game/Blueprints/Level1.Level1:PersistentLevel.Level1' with GeneratedClass '/Game/Blueprints/Level1.Level1_C' with ClassGeneratedBy '/Game/Blueprints/Level1.Level1:PersistentLevel.Level1'
[2016.08.28-19.48.38:107][393]LogBlueprintUserMessages: Early EndPlayMap Detection: Level '/Game/Blueprints/Level1.Level1:PersistentLevel' has LevelScriptBlueprint '/Game/Blueprints/Level1.Level1:PersistentLevel.Level1' with GeneratedClass '/Game/Blueprints/Level1.Level1_C' with ClassGeneratedBy '/Game/Blueprints/Level1.Level1:PersistentLevel.Level1'
[2016.08.28-19.48.38:154][393]LogBlueprintUserMessages: Late EndPlayMap Detection: Level '/Game/Blueprints/Level1.Level1:PersistentLevel' has LevelScriptBlueprint '/Game/Blueprints/Level1.Level1:PersistentLevel.Level1' with GeneratedClass '/Game/Blueprints/Level1.Level1_C' with ClassGeneratedBy '/Game/Blueprints/Level1.Level1:PersistentLevel.Level1'
[2016.08.28-19.48.45:107][166]LogBlueprintUserMessages: Early PlayInEditor Detection: Level '/Game/Blueprints/Level1.Level1:PersistentLevel' has LevelScriptBlueprint '/Game/Blueprints/Level1.Level1:PersistentLevel.Level1' with GeneratedClass '/Game/Blueprints/Level1.Level1_C' with ClassGeneratedBy '/Game/Blueprints/Level1.Level1:PersistentLevel.Level1'
[2016.08.28-19.48.45:107][166]LogPlayLevel: PlayLevel: No blueprints needed recompiling
[2016.08.28-19.48.45:107][166]PIE: New page: PIE session: Level1 (Aug 28, 2016, 10:48:45 PM)
[2016.08.28-19.48.45:108][166]LogPlayLevel: Creating play world package: /Game/Blueprints/UEDPIE_0_Level1
[2016.08.28-19.48.45:110][166]LogPlayLevel: PIE: StaticDuplicateObject took: (0.002917s)
[2016.08.28-19.48.45:111][166]LogAIModule: Creating AISystem for world Level1
[2016.08.28-19.48.45:111][166]LogPlayLevel: PIE: World Init took: (0.000660s)
[2016.08.28-19.48.45:111][166]LogPlayLevel: PIE: Created PIE world by copying editor world from /Game/Blueprints/Level1.Level1 to /Game/Blueprints/UEDPIE_0_Level1.Level1 (0.003767s)
[2016.08.28-19.48.45:128][166]LogInit: XAudio2 using 'Audio digital (S/PDIF) (Dispositivo de High Definition Audio)' : 2 channels at 44.1 kHz using 16 bits per sample (channel mask 0x3)
[2016.08.28-19.48.45:133][166]LogInit: FAudioDevice initialized.
[2016.08.28-19.48.45:185][166]LogLinker:Warning: Can't find file '/Game/Blueprints/NewGameMode'
[2016.08.28-19.48.45:186][166]LogLinker:Warning: Can't find file '/Game/Blueprints/NewGameMode'
[2016.08.28-19.48.45:186][166]LogUObjectGlobals:Warning: Failed to find object 'Class /Game/Blueprints/NewGameMode.NewGameMode_C'
[2016.08.28-19.48.45:186][166]LogWorld: Game class is 'GameMode'
[2016.08.28-19.48.45:188][166]LogWorld: Bringing World /Game/Blueprints/UEDPIE_0_Level1.Level1 up for play (max tick rate 0) at 2016.08.28-21.48.45
[2016.08.28-19.48.45:189][166]LogWorld: Bringing up level for play took: 0.001856
[2016.08.28-19.48.45:189][166]PIE: Info Play in editor start time for /Game/Blueprints/UEDPIE_0_Level1 1.06
[2016.08.28-19.48.45:189][166]LogBlueprintUserMessages: Late PlayInEditor Detection: Level '/Game/Blueprints/Level1.Level1:PersistentLevel' has LevelScriptBlueprint '/Game/Blueprints/Level1.Level1:PersistentLevel.Level1' with GeneratedClass '/Game/Blueprints/Level1.Level1_C' with ClassGeneratedBy '/Game/Blueprints/Level1.Level1:PersistentLevel.Level1'
[2016.08.28-19.48.47:589][449]LogBlueprintUserMessages: Early EndPlayMap Detection: Level '/Game/Blueprints/Level1.Level1:PersistentLevel' has LevelScriptBlueprint '/Game/Blueprints/Level1.Level1:PersistentLevel.Level1' with GeneratedClass '/Game/Blueprints/Level1.Level1_C' with ClassGeneratedBy '/Game/Blueprints/Level1.Level1:PersistentLevel.Level1'
[2016.08.28-19.48.47:635][449]LogBlueprintUserMessages: Late EndPlayMap Detection: Level '/Game/Blueprints/Level1.Level1:PersistentLevel' has LevelScriptBlueprint '/Game/Blueprints/Level1.Level1:PersistentLevel.Level1' with GeneratedClass '/Game/Blueprints/Level1.Level1_C' with ClassGeneratedBy '/Game/Blueprints/Level1.Level1:PersistentLevel.Level1'
[2016.08.28-19.49.41:024][509]LogBlueprintUserMessages: Early PlayInEditor Detection: Level '/Game/Blueprints/Level1.Level1:PersistentLevel' has LevelScriptBlueprint '/Game/Blueprints/Level1.Level1:PersistentLevel.Level1' with GeneratedClass '/Game/Blueprints/Level1.Level1_C' with ClassGeneratedBy '/Game/Blueprints/Level1.Level1:PersistentLevel.Level1'
[2016.08.28-19.49.41:024][509]LogPlayLevel: PlayLevel: No blueprints needed recompiling
[2016.08.28-19.49.41:024][509]PIE: New page: PIE session: Level1 (Aug 28, 2016, 10:49:41 PM)
[2016.08.28-19.49.41:024][509]LogPlayLevel: Creating play world package: /Game/Blueprints/UEDPIE_0_Level1
[2016.08.28-19.49.41:027][509]LogPlayLevel: PIE: StaticDuplicateObject took: (0.003285s)
[2016.08.28-19.49.41:028][509]LogAIModule: Creating AISystem for world Level1
[2016.08.28-19.49.41:028][509]LogPlayLevel: PIE: World Init took: (0.000932s)
[2016.08.28-19.49.41:028][509]LogPlayLevel: PIE: Created PIE world by copying editor world from /Game/Blueprints/Level1.Level1 to /Game/Blueprints/UEDPIE_0_Level1.Level1 (0.004484s)
[2016.08.28-19.49.41:046][509]LogInit: XAudio2 using 'Audio digital (S/PDIF) (Dispositivo de High Definition Audio)' : 2 channels at 44.1 kHz using 16 bits per sample (channel mask 0x3)
[2016.08.28-19.49.41:052][509]LogInit: FAudioDevice initialized.
[2016.08.28-19.49.41:106][509]LogLinker:Warning: Can't find file '/Game/Blueprints/NewGameMode'
[2016.08.28-19.49.41:107][509]LogLinker:Warning: Can't find file '/Game/Blueprints/NewGameMode'
[2016.08.28-19.49.41:107][509]LogUObjectGlobals:Warning: Failed to find object 'Class /Game/Blueprints/NewGameMode.NewGameMode_C'
[2016.08.28-19.49.41:107][509]LogWorld: Game class is 'GameMode'
[2016.08.28-19.49.41:109][509]LogWorld: Bringing World /Game/Blueprints/UEDPIE_0_Level1.Level1 up for play (max tick rate 0) at 2016.08.28-21.49.41
[2016.08.28-19.49.41:110][509]LogWorld: Bringing up level for play took: 0.001950
[2016.08.28-19.49.41:111][509]PIE: Info Play in editor start time for /Game/Blueprints/UEDPIE_0_Level1 0.981
[2016.08.28-19.49.41:111][509]LogBlueprintUserMessages: Late PlayInEditor Detection: Level '/Game/Blueprints/Level1.Level1:PersistentLevel' has LevelScriptBlueprint '/Game/Blueprints/Level1.Level1:PersistentLevel.Level1' with GeneratedClass '/Game/Blueprints/Level1.Level1_C' with ClassGeneratedBy '/Game/Blueprints/Level1.Level1:PersistentLevel.Level1'
[2016.08.28-19.49.47:369][258]LogBlueprintUserMessages: Early EndPlayMap Detection: Level '/Game/Blueprints/Level1.Level1:PersistentLevel' has LevelScriptBlueprint '/Game/Blueprints/Level1.Level1:PersistentLevel.Level1' with GeneratedClass '/Game/Blueprints/Level1.Level1_C' with ClassGeneratedBy '/Game/Blueprints/Level1.Level1:PersistentLevel.Level1'
[2016.08.28-19.49.47:419][258]LogBlueprintUserMessages: Late EndPlayMap Detection: Level '/Game/Blueprints/Level1.Level1:PersistentLevel' has LevelScriptBlueprint '/Game/Blueprints/Level1.Level1:PersistentLevel.Level1' with GeneratedClass '/Game/Blueprints/Level1.Level1_C' with ClassGeneratedBy '/Game/Blueprints/Level1.Level1:PersistentLevel.Level1'
[2016.08.28-19.58.29:089][215]LogSavePackage: Save=82.94ms
[2016.08.28-19.58.29:089][215]LogSavePackage: Moving '../../../../../../UnrealRespositoriosGit/MyProject/Saved/Level1_Auto101B959D64DE6267DC59F3FBCB4981DFE.tmp' to '../../../../../../UnrealRespositoriosGit/MyProject/Saved/Autosaves/Game/Blueprints/Level1_Auto1.umap'
[2016.08.28-19.58.29:089][215]LogSavePackage:Display: Finished SavePackage ../../../../../../UnrealRespositoriosGit/MyProject/Saved/Autosaves/Game/Blueprints/Level1_Auto1.umap
[2016.08.28-19.58.29:091][215]LogFileHelpers: Editor autosave (incl. sublevels) for '/Game/Blueprints/Level1' took 0.111
[2016.08.28-19.58.29:091][215]LogFileHelpers: Editor autosave (incl. sublevels) for all levels took 0.111
[2016.08.28-19.58.39:822][ 70]LogBlueprintUserMessages: Early PlayInEditor Detection: Level '/Game/Blueprints/Level1.Level1:PersistentLevel' has LevelScriptBlueprint '/Game/Blueprints/Level1.Level1:PersistentLevel.Level1' with GeneratedClass '/Game/Blueprints/Level1.Level1_C' with ClassGeneratedBy '/Game/Blueprints/Level1.Level1:PersistentLevel.Level1'
[2016.08.28-19.58.39:823][ 70]LogPlayLevel: PlayLevel: No blueprints needed recompiling
[2016.08.28-19.58.39:823][ 70]PIE: New page: PIE session: Level1 (Aug 28, 2016, 10:58:39 PM)
[2016.08.28-19.58.39:823][ 70]LogPlayLevel: Creating play world package: /Game/Blueprints/UEDPIE_0_Level1
[2016.08.28-19.58.39:825][ 70]LogPlayLevel: PIE: StaticDuplicateObject took: (0.002655s)
[2016.08.28-19.58.39:826][ 70]LogAIModule: Creating AISystem for world Level1
[2016.08.28-19.58.39:826][ 70]LogPlayLevel: PIE: World Init took: (0.000689s)
[2016.08.28-19.58.39:826][ 70]LogPlayLevel: PIE: Created PIE world by copying editor world from /Game/Blueprints/Level1.Level1 to /Game/Blueprints/UEDPIE_0_Level1.Level1 (0.003533s)
[2016.08.28-19.58.39:845][ 70]LogInit: XAudio2 using 'Audio digital (S/PDIF) (Dispositivo de High Definition Audio)' : 2 channels at 44.1 kHz using 16 bits per sample (channel mask 0x3)
[2016.08.28-19.58.39:852][ 70]LogInit: FAudioDevice initialized.
[2016.08.28-19.58.39:903][ 70]LogLinker:Warning: Can't find file '/Game/Blueprints/NewGameMode'
[2016.08.28-19.58.39:904][ 70]LogLinker:Warning: Can't find file '/Game/Blueprints/NewGameMode'
[2016.08.28-19.58.39:904][ 70]LogUObjectGlobals:Warning: Failed to find object 'Class /Game/Blueprints/NewGameMode.NewGameMode_C'
[2016.08.28-19.58.39:904][ 70]LogWorld: Game class is 'GameMode'
[2016.08.28-19.58.39:906][ 70]LogWorld: Bringing World /Game/Blueprints/UEDPIE_0_Level1.Level1 up for play (max tick rate 0) at 2016.08.28-21.58.39
[2016.08.28-19.58.39:906][ 70]LogWorld: Bringing up level for play took: 0.001896
[2016.08.28-19.58.39:907][ 70]PIE: Info Play in editor start time for /Game/Blueprints/UEDPIE_0_Level1 -0.222
[2016.08.28-19.58.39:907][ 70]LogBlueprintUserMessages: Late PlayInEditor Detection: Level '/Game/Blueprints/Level1.Level1:PersistentLevel' has LevelScriptBlueprint '/Game/Blueprints/Level1.Level1:PersistentLevel.Level1' with GeneratedClass '/Game/Blueprints/Level1.Level1_C' with ClassGeneratedBy '/Game/Blueprints/Level1.Level1:PersistentLevel.Level1'
[2016.08.28-19.58.43:040][442]LogBlueprintUserMessages: Early EndPlayMap Detection: Level '/Game/Blueprints/Level1.Level1:PersistentLevel' has LevelScriptBlueprint '/Game/Blueprints/Level1.Level1:PersistentLevel.Level1' with GeneratedClass '/Game/Blueprints/Level1.Level1_C' with ClassGeneratedBy '/Game/Blueprints/Level1.Level1:PersistentLevel.Level1'
[2016.08.28-19.58.43:093][442]LogBlueprintUserMessages: Late EndPlayMap Detection: Level '/Game/Blueprints/Level1.Level1:PersistentLevel' has LevelScriptBlueprint '/Game/Blueprints/Level1.Level1:PersistentLevel.Level1' with GeneratedClass '/Game/Blueprints/Level1.Level1_C' with ClassGeneratedBy '/Game/Blueprints/Level1.Level1:PersistentLevel.Level1'
[2016.08.28-19.58.48:963][739]LogStats: FPlatformStackWalk::StackWalkAndDump -  1.938 s
[2016.08.28-19.58.48:964][739]LogOutputDevice:Warning: === Handled error: ===

Ensure condition failed: TabBeingDraggedPtr.IsValid() [File:D:\Build\++UE4+Release-4.12+Compile\Sync\Engine\Source\Runtime\Slate\Private\Framework\Docking\SDockingTabWell.cpp] [Line: 374]

Stack: 
UE4Editor-Core.dll!FWindowsPlatformStackWalk::StackWalkAndDump() [d:\build\++ue4+release-4.12+compile\sync\engine\source\runtime\core\private\windows\windowsplatformstackwalk.cpp:183]
UE4Editor-Core.dll!FDebug::EnsureFailed() [d:\build\++ue4+release-4.12+compile\sync\engine\source\runtime\core\private\misc\outputdevice.cpp:327]
UE4Editor-Core.dll!FDebug::OptionallyLogFormattedEnsureMessageReturningFalse() [d:\build\++ue4+release-4.12+compile\sync\engine\source\runtime\core\private\misc\outputdevice.cpp:451]
UE4Editor-Slate.dll!SDockingTabWell::OnDrop() [d:\build\++ue4+release-4.12+compile\sync\engine\source\runtime\slate\private\framework\docking\sdockingtabwell.cpp:374]
UE4Editor-Slate.dll!<lambda_d21373bc5354aa11b893894bcf47e418>::operator()() [d:\build\++ue4+release-4.12+compile\sync\engine\source\runtime\slate\private\framework\application\slateapplication.cpp:4630]
UE4Editor-Slate.dll!FEventRouter::Route<FReply,FEventRouter::FBubblePolicy,FPointerEvent,<lambda_d21373bc5354aa11b893894bcf47e418> >() [d:\build\++ue4+release-4.12+compile\sync\engine\source\runtime\slate\private\framework\application\slateapplication.cpp:215]
UE4Editor-Slate.dll!FSlateApplication::RoutePointerUpEvent() [d:\build\++ue4+release-4.12+compile\sync\engine\source\runtime\slate\private\framework\application\slateapplication.cpp:4621]
UE4Editor-Slate.dll!FSlateApplication::ProcessMouseButtonUpEvent() [d:\build\++ue4+release-4.12+compile\sync\engine\source\runtime\slate\private\framework\application\slateapplication.cpp:5041]
UE4Editor-Slate.dll!FSlateApplication::OnMouseUp() [d:\build\++ue4+release-4.12+compile\sync\engine\source\runtime\slate\private\framework\application\slateapplication.cpp:5021]
UE4Editor-Core.dll!FWindowsApplication::ProcessDeferredMessage() [d:\build\++ue4+release-4.12+compile\sync\engine\source\runtime\core\private\windows\windowsapplication.cpp:1510]
UE4Editor-Core.dll!FWindowsApplication::DeferMessage() [d:\build\++ue4+release-4.12+compile\sync\engine\source\runtime\core\private\windows\windowsapplication.cpp:1850]
UE4Editor-Core.dll!FWindowsApplication::ProcessMessage() [d:\build\++ue4+release-4.12+compile\sync\engine\source\runtime\core\private\windows\windowsapplication.cpp:745]
UE4Editor-Core.dll!FWindowsApplication::AppWndProc() [d:\build\++ue4+release-4.12+compile\sync\engine\source\runtime\core\private\windows\windowsapplication.cpp:667]
USER32.dll
USER32.dll
UE4Editor-Core.dll!FWindowsPlatformMisc::PumpMessages() [d:\build\++ue4+release-4.12+compile\sync\engine\source\runtime\core\private\windows\windowsplatformmisc.cpp:903]
UE4Editor.exe!FEngineLoop::Tick() [d:\build\++ue4+release-4.12+compile\sync\engine\source\runtime\launch\private\launchengineloop.cpp:2729]
UE4Editor.exe!GuardedMain() [d:\build\++ue4+release-4.12+compile\sync\engine\source\runtime\launch\private\launch.cpp:148]
UE4Editor.exe!GuardedMainWrapper() [d:\build\++ue4+release-4.12+compile\sync\engine\source\runtime\launch\private\windows\launchwindows.cpp:126]
UE4Editor.exe!WinMain() [d:\build\++ue4+release-4.12+compile\sync\engine\source\runtime\launch\private\windows\launchwindows.cpp:200]
UE4Editor.exe!__scrt_common_main_seh() [f:\dd\vctools\crt\vcstartup\src\startup\exe_common.inl:264]
KERNEL32.DLL
ntdll.dll
ntdll.dll

[2016.08.28-19.58.48:979][739]LogStats:                SubmitErrorReport -  0.015 s
[2016.08.28-19.58.51:068][739]LogStats:                    SendNewReport -  2.089 s
[2016.08.28-19.58.51:068][739]LogStats:             FDebug::EnsureFailed -  4.043 s
[2016.08.28-19.59.18:140][413]LogEditorViewport: Clicking on Actor (LMB): Hor_C (Hor)
[2016.08.28-19.59.21:281][670]LogEditorViewport: Clicking on Actor (LMB): StaticMeshActor (Cube)
[2016.08.28-19.59.23:107][819]LogBlueprintUserMessages: Early PlayInEditor Detection: Level '/Game/Blueprints/Level1.Level1:PersistentLevel' has LevelScriptBlueprint '/Game/Blueprints/Level1.Level1:PersistentLevel.Level1' with GeneratedClass '/Game/Blueprints/Level1.Level1_C' with ClassGeneratedBy '/Game/Blueprints/Level1.Level1:PersistentLevel.Level1'
[2016.08.28-19.59.23:107][819]LogPlayLevel: PlayLevel: No blueprints needed recompiling
[2016.08.28-19.59.23:107][819]PIE: New page: PIE session: Level1 (Aug 28, 2016, 10:59:23 PM)
[2016.08.28-19.59.23:107][819]LogPlayLevel: Creating play world package: /Game/Blueprints/UEDPIE_0_Level1
[2016.08.28-19.59.23:110][819]LogPlayLevel: PIE: StaticDuplicateObject took: (0.002853s)
[2016.08.28-19.59.23:111][819]LogAIModule: Creating AISystem for world Level1
[2016.08.28-19.59.23:111][819]LogPlayLevel: PIE: World Init took: (0.000699s)
[2016.08.28-19.59.23:111][819]LogPlayLevel: PIE: Created PIE world by copying editor world from /Game/Blueprints/Level1.Level1 to /Game/Blueprints/UEDPIE_0_Level1.Level1 (0.003765s)
[2016.08.28-19.59.23:128][819]LogInit: XAudio2 using 'Audio digital (S/PDIF) (Dispositivo de High Definition Audio)' : 2 channels at 44.1 kHz using 16 bits per sample (channel mask 0x3)
[2016.08.28-19.59.23:135][819]LogInit: FAudioDevice initialized.
[2016.08.28-19.59.23:188][819]LogLinker:Warning: Can't find file '/Game/Blueprints/NewGameMode'
[2016.08.28-19.59.23:188][819]LogLinker:Warning: Can't find file '/Game/Blueprints/NewGameMode'
[2016.08.28-19.59.23:188][819]LogUObjectGlobals:Warning: Failed to find object 'Class /Game/Blueprints/NewGameMode.NewGameMode_C'
[2016.08.28-19.59.23:188][819]LogWorld: Game class is 'GameMode'
[2016.08.28-19.59.23:191][819]LogWorld: Bringing World /Game/Blueprints/UEDPIE_0_Level1.Level1 up for play (max tick rate 0) at 2016.08.28-21.59.23
[2016.08.28-19.59.23:191][819]LogWorld: Bringing up level for play took: 0.002064
[2016.08.28-19.59.23:192][819]PIE: Info Play in editor start time for /Game/Blueprints/UEDPIE_0_Level1 1.062
[2016.08.28-19.59.23:192][819]LogBlueprintUserMessages: Late PlayInEditor Detection: Level '/Game/Blueprints/Level1.Level1:PersistentLevel' has LevelScriptBlueprint '/Game/Blueprints/Level1.Level1:PersistentLevel.Level1' with GeneratedClass '/Game/Blueprints/Level1.Level1_C' with ClassGeneratedBy '/Game/Blueprints/Level1.Level1:PersistentLevel.Level1'
[2016.08.28-19.59.25:650][113]LogBlueprintUserMessages: Early EndPlayMap Detection: Level '/Game/Blueprints/Level1.Level1:PersistentLevel' has LevelScriptBlueprint '/Game/Blueprints/Level1.Level1:PersistentLevel.Level1' with GeneratedClass '/Game/Blueprints/Level1.Level1_C' with ClassGeneratedBy '/Game/Blueprints/Level1.Level1:PersistentLevel.Level1'
[2016.08.28-19.59.25:721][113]LogBlueprintUserMessages: Late EndPlayMap Detection: Level '/Game/Blueprints/Level1.Level1:PersistentLevel' has LevelScriptBlueprint '/Game/Blueprints/Level1.Level1:PersistentLevel.Level1' with GeneratedClass '/Game/Blueprints/Level1.Level1_C' with ClassGeneratedBy '/Game/Blueprints/Level1.Level1:PersistentLevel.Level1'
[2016.08.28-19.59.53:852][769]LogEditorViewport: Clicking on Actor (LMB): Hor_C (Hor)
[2016.08.28-19.59.54:470][816]LogEditorViewport: Clicking on Actor (LMB): Hor_C (Hor)
[2016.08.28-19.59.55:676][914]LogEditorViewport: Clicking on Actor (LMB): Hor_C (Hor)
[2016.08.28-19.59.56:526][982]LogEditorViewport: Clicking on Actor (LMB): Hor_C (Hor)
[2016.08.28-19.59.57:413][ 54]LogEditorViewport: Clicking on Actor (LMB): Hor_C (Hor)
[2016.08.28-19.59.58:675][159]LogEditorViewport: Clicking on Actor (LMB): Hor_C (Hor)
[2016.08.28-19.59.59:421][218]LogEditorViewport: Clicking on Actor (LMB): Hor_C (Hor)
[2016.08.28-20.00.00:305][289]LogEditorViewport: Clicking on Actor (LMB): Hor_C (Hor)
[2016.08.28-20.00.01:047][348]LogEditorViewport: Clicking on Actor (LMB): Hor_C (Hor)
[2016.08.28-20.00.01:605][393]LogEditorViewport: Clicking on Actor (LMB): Hor_C (Hor)
[2016.08.28-20.00.20:146][ 26]LogRenderer: Reallocating scene render targets to support 1144x924 (Frame:64030).
[2016.08.28-20.03.23:650][178]BlueprintLog: New page: Compile Hor
[2016.08.28-20.03.23:826][178]BlueprintEditorCompileResults: Info [0977.92] Compile of Hor successful! [in 176 ms] (/Game/Blueprints/Hor.Hor)
[2016.08.28-20.03.24:554][258]Cmd: OBJ SAVEPACKAGE PACKAGE="/Game/Blueprints/Hor" FILE="../../../../../../UnrealRespositoriosGit/MyProject/Content/Blueprints/Hor.uasset" SILENT=true
[2016.08.28-20.03.24:706][258]LogSavePackage: Save=143.06ms
[2016.08.28-20.03.24:707][258]LogSavePackage: Moving '../../../../../../UnrealRespositoriosGit/MyProject/Saved/Hor61CC641E44EEC34D34A8D895C39F2056.tmp' to '../../../../../../UnrealRespositoriosGit/MyProject/Content/Blueprints/Hor.uasset'
[2016.08.28-20.03.24:708][258]LogSavePackage:Display: Finished SavePackage ../../../../../../UnrealRespositoriosGit/MyProject/Content/Blueprints/Hor.uasset
[2016.08.28-20.03.26:134][400]Cmd: OBJ SAVEPACKAGE PACKAGE="/Game/Blueprints/Level1" FILE="../../../../../../UnrealRespositoriosGit/MyProject/Content/Blueprints/Level1.umap" SILENT=true AUTOSAVING=false KEEPDIRTY=false
[2016.08.28-20.03.26:237][400]LogSavePackage: Save=82.12ms
[2016.08.28-20.03.26:237][400]LogSavePackage: Moving '../../../../../../UnrealRespositoriosGit/MyProject/Saved/Level146760D3440FF332B70AC63B3DD6FC2A6.tmp' to '../../../../../../UnrealRespositoriosGit/MyProject/Content/Blueprints/Level1.umap'
[2016.08.28-20.03.26:239][400]LogSavePackage:Display: Finished SavePackage ../../../../../../UnrealRespositoriosGit/MyProject/Content/Blueprints/Level1.umap
[2016.08.28-20.03.27:072][466]LogBlueprintUserMessages: Early PlayInEditor Detection: Level '/Game/Blueprints/Level1.Level1:PersistentLevel' has LevelScriptBlueprint '/Game/Blueprints/Level1.Level1:PersistentLevel.Level1' with GeneratedClass '/Game/Blueprints/Level1.Level1_C' with ClassGeneratedBy '/Game/Blueprints/Level1.Level1:PersistentLevel.Level1'
[2016.08.28-20.03.27:072][466]LogPlayLevel: PlayLevel: No blueprints needed recompiling
[2016.08.28-20.03.27:072][466]PIE: New page: PIE session: Level1 (Aug 28, 2016, 11:03:27 PM)
[2016.08.28-20.03.27:072][466]LogPlayLevel: Creating play world package: /Game/Blueprints/UEDPIE_0_Level1
[2016.08.28-20.03.27:075][466]LogPlayLevel: PIE: StaticDuplicateObject took: (0.002654s)
[2016.08.28-20.03.27:075][466]LogAIModule: Creating AISystem for world Level1
[2016.08.28-20.03.27:076][466]LogPlayLevel: PIE: World Init took: (0.000670s)
[2016.08.28-20.03.27:076][466]LogPlayLevel: PIE: Created PIE world by copying editor world from /Game/Blueprints/Level1.Level1 to /Game/Blueprints/UEDPIE_0_Level1.Level1 (0.003560s)
[2016.08.28-20.03.27:093][466]LogInit: XAudio2 using 'Audio digital (S/PDIF) (Dispositivo de High Definition Audio)' : 2 channels at 44.1 kHz using 16 bits per sample (channel mask 0x3)
[2016.08.28-20.03.27:100][466]LogInit: FAudioDevice initialized.
[2016.08.28-20.03.27:153][466]LogLinker:Warning: Can't find file '/Game/Blueprints/NewGameMode'
[2016.08.28-20.03.27:153][466]LogLinker:Warning: Can't find file '/Game/Blueprints/NewGameMode'
[2016.08.28-20.03.27:153][466]LogUObjectGlobals:Warning: Failed to find object 'Class /Game/Blueprints/NewGameMode.NewGameMode_C'
[2016.08.28-20.03.27:153][466]LogWorld: Game class is 'GameMode'
[2016.08.28-20.03.27:157][466]LogWorld: Bringing World /Game/Blueprints/UEDPIE_0_Level1.Level1 up for play (max tick rate 0) at 2016.08.28-22.03.27
[2016.08.28-20.03.27:158][466]LogWorld: Bringing up level for play took: 0.002114
[2016.08.28-20.03.27:158][466]PIE: Info Play in editor start time for /Game/Blueprints/UEDPIE_0_Level1 1.029
[2016.08.28-20.03.27:159][466]LogBlueprintUserMessages: Late PlayInEditor Detection: Level '/Game/Blueprints/Level1.Level1:PersistentLevel' has LevelScriptBlueprint '/Game/Blueprints/Level1.Level1:PersistentLevel.Level1' with GeneratedClass '/Game/Blueprints/Level1.Level1_C' with ClassGeneratedBy '/Game/Blueprints/Level1.Level1:PersistentLevel.Level1'
[2016.08.28-20.03.39:262][917]LogBlueprintUserMessages: Early EndPlayMap Detection: Level '/Game/Blueprints/Level1.Level1:PersistentLevel' has LevelScriptBlueprint '/Game/Blueprints/Level1.Level1:PersistentLevel.Level1' with GeneratedClass '/Game/Blueprints/Level1.Level1_C' with ClassGeneratedBy '/Game/Blueprints/Level1.Level1:PersistentLevel.Level1'
[2016.08.28-20.03.39:327][917]LogBlueprintUserMessages: Late EndPlayMap Detection: Level '/Game/Blueprints/Level1.Level1:PersistentLevel' has LevelScriptBlueprint '/Game/Blueprints/Level1.Level1:PersistentLevel.Level1' with GeneratedClass '/Game/Blueprints/Level1.Level1_C' with ClassGeneratedBy '/Game/Blueprints/Level1.Level1:PersistentLevel.Level1'
[2016.08.28-20.06.23:598][651]BlueprintLog: New page: Compile Hor
[2016.08.28-20.06.23:771][651]BlueprintEditorCompileResults: Info [1157.86] Compile of Hor successful! [in 172 ms] (/Game/Blueprints/Hor.Hor)
[2016.08.28-20.06.24:128][683]Cmd: OBJ SAVEPACKAGE PACKAGE="/Game/Blueprints/Hor" FILE="../../../../../../UnrealRespositoriosGit/MyProject/Content/Blueprints/Hor.uasset" SILENT=true
[2016.08.28-20.06.24:274][683]LogSavePackage: Save=140.72ms
[2016.08.28-20.06.24:274][683]LogSavePackage: Moving '../../../../../../UnrealRespositoriosGit/MyProject/Saved/Hor4B3995BE49DCAC264B67889E973EF9FF.tmp' to '../../../../../../UnrealRespositoriosGit/MyProject/Content/Blueprints/Hor.uasset'
[2016.08.28-20.06.24:276][683]LogSavePackage:Display: Finished SavePackage ../../../../../../UnrealRespositoriosGit/MyProject/Content/Blueprints/Hor.uasset
[2016.08.28-20.06.25:277][775]Cmd: OBJ SAVEPACKAGE PACKAGE="/Game/Blueprints/Level1" FILE="../../../../../../UnrealRespositoriosGit/MyProject/Content/Blueprints/Level1.umap" SILENT=true AUTOSAVING=false KEEPDIRTY=false
[2016.08.28-20.06.25:411][775]LogSavePackage: Save=110.94ms
[2016.08.28-20.06.25:411][775]LogSavePackage: Moving '../../../../../../UnrealRespositoriosGit/MyProject/Saved/Level199F6992E449D8DCD04548DAF87A94335.tmp' to '../../../../../../UnrealRespositoriosGit/MyProject/Content/Blueprints/Level1.umap'
[2016.08.28-20.06.25:412][775]LogSavePackage:Display: Finished SavePackage ../../../../../../UnrealRespositoriosGit/MyProject/Content/Blueprints/Level1.umap
[2016.08.28-20.06.26:082][817]LogBlueprintUserMessages: Early PlayInEditor Detection: Level '/Game/Blueprints/Level1.Level1:PersistentLevel' has LevelScriptBlueprint '/Game/Blueprints/Level1.Level1:PersistentLevel.Level1' with GeneratedClass '/Game/Blueprints/Level1.Level1_C' with ClassGeneratedBy '/Game/Blueprints/Level1.Level1:PersistentLevel.Level1'
[2016.08.28-20.06.26:082][817]LogPlayLevel: PlayLevel: No blueprints needed recompiling
[2016.08.28-20.06.26:082][817]PIE: New page: PIE session: Level1 (Aug 28, 2016, 11:06:26 PM)
[2016.08.28-20.06.26:082][817]LogPlayLevel: Creating play world package: /Game/Blueprints/UEDPIE_0_Level1
[2016.08.28-20.06.26:085][817]LogPlayLevel: PIE: StaticDuplicateObject took: (0.003160s)
[2016.08.28-20.06.26:086][817]LogAIModule: Creating AISystem for world Level1
[2016.08.28-20.06.26:086][817]LogPlayLevel: PIE: World Init took: (0.000734s)
[2016.08.28-20.06.26:086][817]LogPlayLevel: PIE: Created PIE world by copying editor world from /Game/Blueprints/Level1.Level1 to /Game/Blueprints/UEDPIE_0_Level1.Level1 (0.004098s)
[2016.08.28-20.06.26:104][817]LogInit: XAudio2 using 'Audio digital (S/PDIF) (Dispositivo de High Definition Audio)' : 2 channels at 44.1 kHz using 16 bits per sample (channel mask 0x3)
[2016.08.28-20.06.26:111][817]LogInit: FAudioDevice initialized.
[2016.08.28-20.06.26:163][817]LogLinker:Warning: Can't find file '/Game/Blueprints/NewGameMode'
[2016.08.28-20.06.26:163][817]LogLinker:Warning: Can't find file '/Game/Blueprints/NewGameMode'
[2016.08.28-20.06.26:164][817]LogUObjectGlobals:Warning: Failed to find object 'Class /Game/Blueprints/NewGameMode.NewGameMode_C'
[2016.08.28-20.06.26:164][817]LogWorld: Game class is 'GameMode'
[2016.08.28-20.06.26:166][817]LogWorld: Bringing World /Game/Blueprints/UEDPIE_0_Level1.Level1 up for play (max tick rate 0) at 2016.08.28-22.06.26
[2016.08.28-20.06.26:166][817]LogWorld: Bringing up level for play took: 0.001950
[2016.08.28-20.06.26:167][817]PIE: Info Play in editor start time for /Game/Blueprints/UEDPIE_0_Level1 0.037
[2016.08.28-20.06.26:167][817]LogBlueprintUserMessages: Late PlayInEditor Detection: Level '/Game/Blueprints/Level1.Level1:PersistentLevel' has LevelScriptBlueprint '/Game/Blueprints/Level1.Level1:PersistentLevel.Level1' with GeneratedClass '/Game/Blueprints/Level1.Level1_C' with ClassGeneratedBy '/Game/Blueprints/Level1.Level1:PersistentLevel.Level1'
[2016.08.28-20.06.31:487][453]LogBlueprintUserMessages: Early EndPlayMap Detection: Level '/Game/Blueprints/Level1.Level1:PersistentLevel' has LevelScriptBlueprint '/Game/Blueprints/Level1.Level1:PersistentLevel.Level1' with GeneratedClass '/Game/Blueprints/Level1.Level1_C' with ClassGeneratedBy '/Game/Blueprints/Level1.Level1:PersistentLevel.Level1'
[2016.08.28-20.06.31:549][453]LogBlueprintUserMessages: Late EndPlayMap Detection: Level '/Game/Blueprints/Level1.Level1:PersistentLevel' has LevelScriptBlueprint '/Game/Blueprints/Level1.Level1:PersistentLevel.Level1' with GeneratedClass '/Game/Blueprints/Level1.Level1_C' with ClassGeneratedBy '/Game/Blueprints/Level1.Level1:PersistentLevel.Level1'
[2016.08.28-20.06.34:447][692]LogBlueprintUserMessages: Early PlayInEditor Detection: Level '/Game/Blueprints/Level1.Level1:PersistentLevel' has LevelScriptBlueprint '/Game/Blueprints/Level1.Level1:PersistentLevel.Level1' with GeneratedClass '/Game/Blueprints/Level1.Level1_C' with ClassGeneratedBy '/Game/Blueprints/Level1.Level1:PersistentLevel.Level1'
[2016.08.28-20.06.34:447][692]LogPlayLevel: PlayLevel: No blueprints needed recompiling
[2016.08.28-20.06.34:447][692]PIE: New page: PIE session: Level1 (Aug 28, 2016, 11:06:34 PM)
[2016.08.28-20.06.34:447][692]LogPlayLevel: Creating play world package: /Game/Blueprints/UEDPIE_0_Level1
[2016.08.28-20.06.34:450][692]LogPlayLevel: PIE: StaticDuplicateObject took: (0.002828s)
[2016.08.28-20.06.34:450][692]LogAIModule: Creating AISystem for world Level1
[2016.08.28-20.06.34:451][692]LogPlayLevel: PIE: World Init took: (0.000822s)
[2016.08.28-20.06.34:451][692]LogPlayLevel: PIE: Created PIE world by copying editor world from /Game/Blueprints/Level1.Level1 to /Game/Blueprints/UEDPIE_0_Level1.Level1 (0.003835s)
[2016.08.28-20.06.34:468][692]LogInit: XAudio2 using 'Audio digital (S/PDIF) (Dispositivo de High Definition Audio)' : 2 channels at 44.1 kHz using 16 bits per sample (channel mask 0x3)
[2016.08.28-20.06.34:475][692]LogInit: FAudioDevice initialized.
[2016.08.28-20.06.34:527][692]LogLinker:Warning: Can't find file '/Game/Blueprints/NewGameMode'
[2016.08.28-20.06.34:527][692]LogLinker:Warning: Can't find file '/Game/Blueprints/NewGameMode'
[2016.08.28-20.06.34:528][692]LogUObjectGlobals:Warning: Failed to find object 'Class /Game/Blueprints/NewGameMode.NewGameMode_C'
[2016.08.28-20.06.34:528][692]LogWorld: Game class is 'GameMode'
[2016.08.28-20.06.34:530][692]LogWorld: Bringing World /Game/Blueprints/UEDPIE_0_Level1.Level1 up for play (max tick rate 0) at 2016.08.28-22.06.34
[2016.08.28-20.06.34:530][692]LogWorld: Bringing up level for play took: 0.001961
[2016.08.28-20.06.34:531][692]PIE: Info Play in editor start time for /Game/Blueprints/UEDPIE_0_Level1 0.402
[2016.08.28-20.06.34:531][692]LogBlueprintUserMessages: Late PlayInEditor Detection: Level '/Game/Blueprints/Level1.Level1:PersistentLevel' has LevelScriptBlueprint '/Game/Blueprints/Level1.Level1:PersistentLevel.Level1' with GeneratedClass '/Game/Blueprints/Level1.Level1_C' with ClassGeneratedBy '/Game/Blueprints/Level1.Level1:PersistentLevel.Level1'
[2016.08.28-20.06.38:026][110]LogBlueprintUserMessages: Early EndPlayMap Detection: Level '/Game/Blueprints/Level1.Level1:PersistentLevel' has LevelScriptBlueprint '/Game/Blueprints/Level1.Level1:PersistentLevel.Level1' with GeneratedClass '/Game/Blueprints/Level1.Level1_C' with ClassGeneratedBy '/Game/Blueprints/Level1.Level1:PersistentLevel.Level1'
[2016.08.28-20.06.38:064][110]LogBlueprintUserMessages: Late EndPlayMap Detection: Level '/Game/Blueprints/Level1.Level1:PersistentLevel' has LevelScriptBlueprint '/Game/Blueprints/Level1.Level1:PersistentLevel.Level1' with GeneratedClass '/Game/Blueprints/Level1.Level1_C' with ClassGeneratedBy '/Game/Blueprints/Level1.Level1:PersistentLevel.Level1'
[2016.08.28-20.08.52:199][673]BlueprintLog: New page: Compile Hor
[2016.08.28-20.08.52:371][673]BlueprintEditorCompileResults: Info [1306.46] Compile of Hor successful! [in 172 ms] (/Game/Blueprints/Hor.Hor)
[2016.08.28-20.08.52:802][714]Cmd: OBJ SAVEPACKAGE PACKAGE="/Game/Blueprints/Hor" FILE="../../../../../../UnrealRespositoriosGit/MyProject/Content/Blueprints/Hor.uasset" SILENT=true
[2016.08.28-20.08.52:952][714]LogSavePackage: Save=141.75ms
[2016.08.28-20.08.52:952][714]LogSavePackage: Moving '../../../../../../UnrealRespositoriosGit/MyProject/Saved/Hor7B67BB764FD785CD95A98DB39A81DFD6.tmp' to '../../../../../../UnrealRespositoriosGit/MyProject/Content/Blueprints/Hor.uasset'
[2016.08.28-20.08.52:955][714]LogSavePackage:Display: Finished SavePackage ../../../../../../UnrealRespositoriosGit/MyProject/Content/Blueprints/Hor.uasset
[2016.08.28-20.08.54:119][821]Cmd: OBJ SAVEPACKAGE PACKAGE="/Game/Blueprints/Level1" FILE="../../../../../../UnrealRespositoriosGit/MyProject/Content/Blueprints/Level1.umap" SILENT=true AUTOSAVING=false KEEPDIRTY=false
[2016.08.28-20.08.54:220][821]LogSavePackage: Save=82.00ms
[2016.08.28-20.08.54:220][821]LogSavePackage: Moving '../../../../../../UnrealRespositoriosGit/MyProject/Saved/Level1A160B791438EFFEF7E2720A433DD0961.tmp' to '../../../../../../UnrealRespositoriosGit/MyProject/Content/Blueprints/Level1.umap'
[2016.08.28-20.08.54:222][821]LogSavePackage:Display: Finished SavePackage ../../../../../../UnrealRespositoriosGit/MyProject/Content/Blueprints/Level1.umap
[2016.08.28-20.08.54:988][882]LogBlueprintUserMessages: Early PlayInEditor Detection: Level '/Game/Blueprints/Level1.Level1:PersistentLevel' has LevelScriptBlueprint '/Game/Blueprints/Level1.Level1:PersistentLevel.Level1' with GeneratedClass '/Game/Blueprints/Level1.Level1_C' with ClassGeneratedBy '/Game/Blueprints/Level1.Level1:PersistentLevel.Level1'
[2016.08.28-20.08.54:988][882]LogPlayLevel: PlayLevel: No blueprints needed recompiling
[2016.08.28-20.08.54:988][882]PIE: New page: PIE session: Level1 (Aug 28, 2016, 11:08:54 PM)
[2016.08.28-20.08.54:988][882]LogPlayLevel: Creating play world package: /Game/Blueprints/UEDPIE_0_Level1
[2016.08.28-20.08.54:991][882]LogPlayLevel: PIE: StaticDuplicateObject took: (0.002531s)
[2016.08.28-20.08.54:992][882]LogAIModule: Creating AISystem for world Level1
[2016.08.28-20.08.54:992][882]LogPlayLevel: PIE: World Init took: (0.000768s)
[2016.08.28-20.08.54:992][882]LogPlayLevel: PIE: Created PIE world by copying editor world from /Game/Blueprints/Level1.Level1 to /Game/Blueprints/UEDPIE_0_Level1.Level1 (0.003467s)
[2016.08.28-20.08.55:010][882]LogInit: XAudio2 using 'Audio digital (S/PDIF) (Dispositivo de High Definition Audio)' : 2 channels at 44.1 kHz using 16 bits per sample (channel mask 0x3)
[2016.08.28-20.08.55:016][882]LogInit: FAudioDevice initialized.
[2016.08.28-20.08.55:067][882]LogLinker:Warning: Can't find file '/Game/Blueprints/NewGameMode'
[2016.08.28-20.08.55:068][882]LogLinker:Warning: Can't find file '/Game/Blueprints/NewGameMode'
[2016.08.28-20.08.55:068][882]LogUObjectGlobals:Warning: Failed to find object 'Class /Game/Blueprints/NewGameMode.NewGameMode_C'
[2016.08.28-20.08.55:068][882]LogWorld: Game class is 'GameMode'
[2016.08.28-20.08.55:070][882]LogWorld: Bringing World /Game/Blueprints/UEDPIE_0_Level1.Level1 up for play (max tick rate 0) at 2016.08.28-22.08.55
[2016.08.28-20.08.55:070][882]LogWorld: Bringing up level for play took: 0.002047
[2016.08.28-20.08.55:071][882]PIE: Info Play in editor start time for /Game/Blueprints/UEDPIE_0_Level1 0.941
[2016.08.28-20.08.55:071][882]LogBlueprintUserMessages: Late PlayInEditor Detection: Level '/Game/Blueprints/Level1.Level1:PersistentLevel' has LevelScriptBlueprint '/Game/Blueprints/Level1.Level1:PersistentLevel.Level1' with GeneratedClass '/Game/Blueprints/Level1.Level1_C' with ClassGeneratedBy '/Game/Blueprints/Level1.Level1:PersistentLevel.Level1'
[2016.08.28-20.09.06:332][232]LogBlueprintUserMessages: Early EndPlayMap Detection: Level '/Game/Blueprints/Level1.Level1:PersistentLevel' has LevelScriptBlueprint '/Game/Blueprints/Level1.Level1:PersistentLevel.Level1' with GeneratedClass '/Game/Blueprints/Level1.Level1_C' with ClassGeneratedBy '/Game/Blueprints/Level1.Level1:PersistentLevel.Level1'
[2016.08.28-20.09.06:394][232]LogBlueprintUserMessages: Late EndPlayMap Detection: Level '/Game/Blueprints/Level1.Level1:PersistentLevel' has LevelScriptBlueprint '/Game/Blueprints/Level1.Level1:PersistentLevel.Level1' with GeneratedClass '/Game/Blueprints/Level1.Level1_C' with ClassGeneratedBy '/Game/Blueprints/Level1.Level1:PersistentLevel.Level1'
[2016.08.28-20.09.07:288][301]LogBlueprintUserMessages: Early PlayInEditor Detection: Level '/Game/Blueprints/Level1.Level1:PersistentLevel' has LevelScriptBlueprint '/Game/Blueprints/Level1.Level1:PersistentLevel.Level1' with GeneratedClass '/Game/Blueprints/Level1.Level1_C' with ClassGeneratedBy '/Game/Blueprints/Level1.Level1:PersistentLevel.Level1'
[2016.08.28-20.09.07:288][301]LogPlayLevel: PlayLevel: No blueprints needed recompiling
[2016.08.28-20.09.07:288][301]PIE: New page: PIE session: Level1 (Aug 28, 2016, 11:09:07 PM)
[2016.08.28-20.09.07:288][301]LogPlayLevel: Creating play world package: /Game/Blueprints/UEDPIE_0_Level1
[2016.08.28-20.09.07:291][301]LogPlayLevel: PIE: StaticDuplicateObject took: (0.002764s)
[2016.08.28-20.09.07:291][301]LogAIModule: Creating AISystem for world Level1
[2016.08.28-20.09.07:291][301]LogPlayLevel: PIE: World Init took: (0.000542s)
[2016.08.28-20.09.07:291][301]LogPlayLevel: PIE: Created PIE world by copying editor world from /Game/Blueprints/Level1.Level1 to /Game/Blueprints/UEDPIE_0_Level1.Level1 (0.003490s)
[2016.08.28-20.09.07:308][301]LogInit: XAudio2 using 'Audio digital (S/PDIF) (Dispositivo de High Definition Audio)' : 2 channels at 44.1 kHz using 16 bits per sample (channel mask 0x3)
[2016.08.28-20.09.07:314][301]LogInit: FAudioDevice initialized.
[2016.08.28-20.09.07:365][301]LogLinker:Warning: Can't find file '/Game/Blueprints/NewGameMode'
[2016.08.28-20.09.07:365][301]LogLinker:Warning: Can't find file '/Game/Blueprints/NewGameMode'
[2016.08.28-20.09.07:366][301]LogUObjectGlobals:Warning: Failed to find object 'Class /Game/Blueprints/NewGameMode.NewGameMode_C'
[2016.08.28-20.09.07:366][301]LogWorld: Game class is 'GameMode'
[2016.08.28-20.09.07:368][301]LogWorld: Bringing World /Game/Blueprints/UEDPIE_0_Level1.Level1 up for play (max tick rate 0) at 2016.08.28-22.09.07
[2016.08.28-20.09.07:368][301]LogWorld: Bringing up level for play took: 0.001914
[2016.08.28-20.09.07:369][301]PIE: Info Play in editor start time for /Game/Blueprints/UEDPIE_0_Level1 -0.76
[2016.08.28-20.09.07:369][301]LogBlueprintUserMessages: Late PlayInEditor Detection: Level '/Game/Blueprints/Level1.Level1:PersistentLevel' has LevelScriptBlueprint '/Game/Blueprints/Level1.Level1:PersistentLevel.Level1' with GeneratedClass '/Game/Blueprints/Level1.Level1_C' with ClassGeneratedBy '/Game/Blueprints/Level1.Level1:PersistentLevel.Level1'
[2016.08.28-20.09.12:061][863]LogBlueprintUserMessages: Early EndPlayMap Detection: Level '/Game/Blueprints/Level1.Level1:PersistentLevel' has LevelScriptBlueprint '/Game/Blueprints/Level1.Level1:PersistentLevel.Level1' with GeneratedClass '/Game/Blueprints/Level1.Level1_C' with ClassGeneratedBy '/Game/Blueprints/Level1.Level1:PersistentLevel.Level1'
[2016.08.28-20.09.12:100][863]LogBlueprintUserMessages: Late EndPlayMap Detection: Level '/Game/Blueprints/Level1.Level1:PersistentLevel' has LevelScriptBlueprint '/Game/Blueprints/Level1.Level1:PersistentLevel.Level1' with GeneratedClass '/Game/Blueprints/Level1.Level1_C' with ClassGeneratedBy '/Game/Blueprints/Level1.Level1:PersistentLevel.Level1'
[2016.08.28-20.10.41:597][172]LogBlueprintUserMessages: Early PlayInEditor Detection: Level '/Game/Blueprints/Level1.Level1:PersistentLevel' has LevelScriptBlueprint '/Game/Blueprints/Level1.Level1:PersistentLevel.Level1' with GeneratedClass '/Game/Blueprints/Level1.Level1_C' with ClassGeneratedBy '/Game/Blueprints/Level1.Level1:PersistentLevel.Level1'
[2016.08.28-20.10.41:597][172]LogPlayLevel: PlayLevel: No blueprints needed recompiling
[2016.08.28-20.10.41:597][172]PIE: New page: PIE session: Level1 (Aug 28, 2016, 11:10:41 PM)
[2016.08.28-20.10.41:597][172]LogPlayLevel: Creating play world package: /Game/Blueprints/UEDPIE_0_Level1
[2016.08.28-20.10.41:600][172]LogPlayLevel: PIE: StaticDuplicateObject took: (0.002825s)
[2016.08.28-20.10.41:601][172]LogAIModule: Creating AISystem for world Level1
[2016.08.28-20.10.41:601][172]LogPlayLevel: PIE: World Init took: (0.000847s)
[2016.08.28-20.10.41:601][172]LogPlayLevel: PIE: Created PIE world by copying editor world from /Game/Blueprints/Level1.Level1 to /Game/Blueprints/UEDPIE_0_Level1.Level1 (0.003859s)
[2016.08.28-20.10.41:620][172]LogInit: XAudio2 using 'Audio digital (S/PDIF) (Dispositivo de High Definition Audio)' : 2 channels at 44.1 kHz using 16 bits per sample (channel mask 0x3)
[2016.08.28-20.10.41:626][172]LogInit: FAudioDevice initialized.
[2016.08.28-20.10.41:672][172]LogLinker:Warning: Can't find file '/Game/Blueprints/NewGameMode'
[2016.08.28-20.10.41:672][172]LogLinker:Warning: Can't find file '/Game/Blueprints/NewGameMode'
[2016.08.28-20.10.41:672][172]LogUObjectGlobals:Warning: Failed to find object 'Class /Game/Blueprints/NewGameMode.NewGameMode_C'
[2016.08.28-20.10.41:672][172]LogWorld: Game class is 'GameMode'
[2016.08.28-20.10.41:674][172]LogWorld: Bringing World /Game/Blueprints/UEDPIE_0_Level1.Level1 up for play (max tick rate 0) at 2016.08.28-22.10.41
[2016.08.28-20.10.41:674][172]LogWorld: Bringing up level for play took: 0.002096
[2016.08.28-20.10.41:675][172]LogGameMode: Warning - PATHS NOT DEFINED or NO PLAYERSTART with positive rating
[2016.08.28-20.10.41:734][172]PIE: Info Play in editor start time for /Game/Blueprints/UEDPIE_0_Level1 -0.396
[2016.08.28-20.10.41:734][172]LogBlueprintUserMessages: Late PlayInEditor Detection: Level '/Game/Blueprints/Level1.Level1:PersistentLevel' has LevelScriptBlueprint '/Game/Blueprints/Level1.Level1:PersistentLevel.Level1' with GeneratedClass '/Game/Blueprints/Level1.Level1_C' with ClassGeneratedBy '/Game/Blueprints/Level1.Level1:PersistentLevel.Level1'
[2016.08.28-20.10.41:755][172]LogRenderer: Reallocating scene render targets to support 1292x924 (Frame:93153).
[2016.08.28-20.10.48:865][750]LogBlueprintUserMessages: Early EndPlayMap Detection: Level '/Game/Blueprints/Level1.Level1:PersistentLevel' has LevelScriptBlueprint '/Game/Blueprints/Level1.Level1:PersistentLevel.Level1' with GeneratedClass '/Game/Blueprints/Level1.Level1_C' with ClassGeneratedBy '/Game/Blueprints/Level1.Level1:PersistentLevel.Level1'
[2016.08.28-20.10.48:944][750]LogBlueprintUserMessages: Late EndPlayMap Detection: Level '/Game/Blueprints/Level1.Level1:PersistentLevel' has LevelScriptBlueprint '/Game/Blueprints/Level1.Level1:PersistentLevel.Level1' with GeneratedClass '/Game/Blueprints/Level1.Level1_C' with ClassGeneratedBy '/Game/Blueprints/Level1.Level1:PersistentLevel.Level1'
[2016.08.28-20.12.50:622][622]BlueprintLog: New page: Compile Hor
[2016.08.28-20.12.50:821][622]BlueprintEditorCompileResults: Info [1544.91] Compile of Hor successful! [in 199 ms] (/Game/Blueprints/Hor.Hor)
[2016.08.28-20.12.51:180][658]Cmd: OBJ SAVEPACKAGE PACKAGE="/Game/Blueprints/Hor" FILE="../../../../../../UnrealRespositoriosGit/MyProject/Content/Blueprints/Hor.uasset" SILENT=true
[2016.08.28-20.12.51:330][658]LogSavePackage: Save=144.56ms
[2016.08.28-20.12.51:330][658]LogSavePackage: Moving '../../../../../../UnrealRespositoriosGit/MyProject/Saved/HorCD53F90243EA34DD41DF46A8E64C48D4.tmp' to '../../../../../../UnrealRespositoriosGit/MyProject/Content/Blueprints/Hor.uasset'
[2016.08.28-20.12.51:332][658]LogSavePackage:Display: Finished SavePackage ../../../../../../UnrealRespositoriosGit/MyProject/Content/Blueprints/Hor.uasset
[2016.08.28-20.12.54:644][ 17]Cmd: OBJ SAVEPACKAGE PACKAGE="/Game/Blueprints/Level1" FILE="../../../../../../UnrealRespositoriosGit/MyProject/Content/Blueprints/Level1.umap" SILENT=true AUTOSAVING=false KEEPDIRTY=false
[2016.08.28-20.12.54:754][ 17]LogSavePackage: Save=83.86ms
[2016.08.28-20.12.54:754][ 17]LogSavePackage: Moving '../../../../../../UnrealRespositoriosGit/MyProject/Saved/Level1261ECCC04C3D8B1562EE3DAF3E668B43.tmp' to '../../../../../../UnrealRespositoriosGit/MyProject/Content/Blueprints/Level1.umap'
[2016.08.28-20.12.54:756][ 17]LogSavePackage:Display: Finished SavePackage ../../../../../../UnrealRespositoriosGit/MyProject/Content/Blueprints/Level1.umap
[2016.08.28-20.12.55:305][ 59]LogBlueprintUserMessages: Early PlayInEditor Detection: Level '/Game/Blueprints/Level1.Level1:PersistentLevel' has LevelScriptBlueprint '/Game/Blueprints/Level1.Level1:PersistentLevel.Level1' with GeneratedClass '/Game/Blueprints/Level1.Level1_C' with ClassGeneratedBy '/Game/Blueprints/Level1.Level1:PersistentLevel.Level1'
[2016.08.28-20.12.55:305][ 59]LogPlayLevel: PlayLevel: No blueprints needed recompiling
[2016.08.28-20.12.55:306][ 59]PIE: New page: PIE session: Level1 (Aug 28, 2016, 11:12:55 PM)
[2016.08.28-20.12.55:306][ 59]LogPlayLevel: Creating play world package: /Game/Blueprints/UEDPIE_0_Level1
[2016.08.28-20.12.55:308][ 59]LogPlayLevel: PIE: StaticDuplicateObject took: (0.002799s)
[2016.08.28-20.12.55:309][ 59]LogAIModule: Creating AISystem for world Level1
[2016.08.28-20.12.55:309][ 59]LogPlayLevel: PIE: World Init took: (0.000775s)
[2016.08.28-20.12.55:309][ 59]LogPlayLevel: PIE: Created PIE world by copying editor world from /Game/Blueprints/Level1.Level1 to /Game/Blueprints/UEDPIE_0_Level1.Level1 (0.003793s)
[2016.08.28-20.12.55:329][ 59]LogInit: XAudio2 using 'Audio digital (S/PDIF) (Dispositivo de High Definition Audio)' : 2 channels at 44.1 kHz using 16 bits per sample (channel mask 0x3)
[2016.08.28-20.12.55:335][ 59]LogInit: FAudioDevice initialized.
[2016.08.28-20.12.55:389][ 59]LogLinker:Warning: Can't find file '/Game/Blueprints/NewGameMode'
[2016.08.28-20.12.55:390][ 59]LogLinker:Warning: Can't find file '/Game/Blueprints/NewGameMode'
[2016.08.28-20.12.55:390][ 59]LogUObjectGlobals:Warning: Failed to find object 'Class /Game/Blueprints/NewGameMode.NewGameMode_C'
[2016.08.28-20.12.55:390][ 59]LogWorld: Game class is 'GameMode'
[2016.08.28-20.12.55:392][ 59]LogWorld: Bringing World /Game/Blueprints/UEDPIE_0_Level1.Level1 up for play (max tick rate 0) at 2016.08.28-22.12.55
[2016.08.28-20.12.55:392][ 59]LogWorld: Bringing up level for play took: 0.001927
[2016.08.28-20.12.55:393][ 59]PIE: Info Play in editor start time for /Game/Blueprints/UEDPIE_0_Level1 -0.737
[2016.08.28-20.12.55:393][ 59]LogBlueprintUserMessages: Late PlayInEditor Detection: Level '/Game/Blueprints/Level1.Level1:PersistentLevel' has LevelScriptBlueprint '/Game/Blueprints/Level1.Level1:PersistentLevel.Level1' with GeneratedClass '/Game/Blueprints/Level1.Level1_C' with ClassGeneratedBy '/Game/Blueprints/Level1.Level1:PersistentLevel.Level1'
[2016.08.28-20.13.06:299][366]LogBlueprintUserMessages: Early EndPlayMap Detection: Level '/Game/Blueprints/Level1.Level1:PersistentLevel' has LevelScriptBlueprint '/Game/Blueprints/Level1.Level1:PersistentLevel.Level1' with GeneratedClass '/Game/Blueprints/Level1.Level1_C' with ClassGeneratedBy '/Game/Blueprints/Level1.Level1:PersistentLevel.Level1'
[2016.08.28-20.13.06:360][366]LogBlueprintUserMessages: Late EndPlayMap Detection: Level '/Game/Blueprints/Level1.Level1:PersistentLevel' has LevelScriptBlueprint '/Game/Blueprints/Level1.Level1:PersistentLevel.Level1' with GeneratedClass '/Game/Blueprints/Level1.Level1_C' with ClassGeneratedBy '/Game/Blueprints/Level1.Level1:PersistentLevel.Level1'
[2016.08.28-20.14.01:668][409]BlueprintLog: New page: Compile Hor
[2016.08.28-20.14.01:840][409]BlueprintEditorCompileResults: Info [1615.93] Compile of Hor successful! [in 171 ms] (/Game/Blueprints/Hor.Hor)
[2016.08.28-20.14.02:146][437]Cmd: OBJ SAVEPACKAGE PACKAGE="/Game/Blueprints/Hor" FILE="../../../../../../UnrealRespositoriosGit/MyProject/Content/Blueprints/Hor.uasset" SILENT=true
[2016.08.28-20.14.02:299][437]LogSavePackage: Save=144.35ms
[2016.08.28-20.14.02:299][437]LogSavePackage: Moving '../../../../../../UnrealRespositoriosGit/MyProject/Saved/Hor9CA6A23443EBB4C09E6B3ABEA1B4B300.tmp' to '../../../../../../UnrealRespositoriosGit/MyProject/Content/Blueprints/Hor.uasset'
[2016.08.28-20.14.02:302][437]LogSavePackage:Display: Finished SavePackage ../../../../../../UnrealRespositoriosGit/MyProject/Content/Blueprints/Hor.uasset
[2016.08.28-20.14.02:939][510]LogBlueprintUserMessages: Early PlayInEditor Detection: Level '/Game/Blueprints/Level1.Level1:PersistentLevel' has LevelScriptBlueprint '/Game/Blueprints/Level1.Level1:PersistentLevel.Level1' with GeneratedClass '/Game/Blueprints/Level1.Level1_C' with ClassGeneratedBy '/Game/Blueprints/Level1.Level1:PersistentLevel.Level1'
[2016.08.28-20.14.02:939][510]LogPlayLevel: PlayLevel: No blueprints needed recompiling
[2016.08.28-20.14.02:939][510]PIE: New page: PIE session: Level1 (Aug 28, 2016, 11:14:02 PM)
[2016.08.28-20.14.02:939][510]LogPlayLevel: Creating play world package: /Game/Blueprints/UEDPIE_0_Level1
[2016.08.28-20.14.02:942][510]LogPlayLevel: PIE: StaticDuplicateObject took: (0.002432s)
[2016.08.28-20.14.02:942][510]LogAIModule: Creating AISystem for world Level1
[2016.08.28-20.14.02:942][510]LogPlayLevel: PIE: World Init took: (0.000551s)
[2016.08.28-20.14.02:943][510]LogPlayLevel: PIE: Created PIE world by copying editor world from /Game/Blueprints/Level1.Level1 to /Game/Blueprints/UEDPIE_0_Level1.Level1 (0.003161s)
[2016.08.28-20.14.02:963][510]LogInit: XAudio2 using 'Audio digital (S/PDIF) (Dispositivo de High Definition Audio)' : 2 channels at 44.1 kHz using 16 bits per sample (channel mask 0x3)
[2016.08.28-20.14.02:969][510]LogInit: FAudioDevice initialized.
[2016.08.28-20.14.03:014][510]LogLinker:Warning: Can't find file '/Game/Blueprints/NewGameMode'
[2016.08.28-20.14.03:015][510]LogLinker:Warning: Can't find file '/Game/Blueprints/NewGameMode'
[2016.08.28-20.14.03:015][510]LogUObjectGlobals:Warning: Failed to find object 'Class /Game/Blueprints/NewGameMode.NewGameMode_C'
[2016.08.28-20.14.03:015][510]LogWorld: Game class is 'GameMode'
[2016.08.28-20.14.03:017][510]LogWorld: Bringing World /Game/Blueprints/UEDPIE_0_Level1.Level1 up for play (max tick rate 0) at 2016.08.28-22.14.03
[2016.08.28-20.14.03:017][510]LogWorld: Bringing up level for play took: 0.001926
[2016.08.28-20.14.03:018][510]LogGameMode: Warning - PATHS NOT DEFINED or NO PLAYERSTART with positive rating
[2016.08.28-20.14.03:070][510]PIE: Info Play in editor start time for /Game/Blueprints/UEDPIE_0_Level1 0.94
[2016.08.28-20.14.03:070][510]LogBlueprintUserMessages: Late PlayInEditor Detection: Level '/Game/Blueprints/Level1.Level1:PersistentLevel' has LevelScriptBlueprint '/Game/Blueprints/Level1.Level1:PersistentLevel.Level1' with GeneratedClass '/Game/Blueprints/Level1.Level1_C' with ClassGeneratedBy '/Game/Blueprints/Level1.Level1:PersistentLevel.Level1'
[2016.08.28-20.14.24:064][785]LogBlueprintUserMessages: Early EndPlayMap Detection: Level '/Game/Blueprints/Level1.Level1:PersistentLevel' has LevelScriptBlueprint '/Game/Blueprints/Level1.Level1:PersistentLevel.Level1' with GeneratedClass '/Game/Blueprints/Level1.Level1_C' with ClassGeneratedBy '/Game/Blueprints/Level1.Level1:PersistentLevel.Level1'
[2016.08.28-20.14.24:144][785]LogBlueprintUserMessages: Late EndPlayMap Detection: Level '/Game/Blueprints/Level1.Level1:PersistentLevel' has LevelScriptBlueprint '/Game/Blueprints/Level1.Level1:PersistentLevel.Level1' with GeneratedClass '/Game/Blueprints/Level1.Level1_C' with ClassGeneratedBy '/Game/Blueprints/Level1.Level1:PersistentLevel.Level1'
[2016.08.28-20.17.28:581][399]BlueprintLog: New page: Compile Hor
[2016.08.28-20.17.28:759][399]BlueprintEditorCompileResults: Info [1822.85] Compile of Hor successful! [in 177 ms] (/Game/Blueprints/Hor.Hor)
[2016.08.28-20.17.29:209][446]Cmd: OBJ SAVEPACKAGE PACKAGE="/Game/Blueprints/Hor" FILE="../../../../../../UnrealRespositoriosGit/MyProject/Content/Blueprints/Hor.uasset" SILENT=true
[2016.08.28-20.17.29:385][446]LogSavePackage: Save=169.59ms
[2016.08.28-20.17.29:385][446]LogSavePackage: Moving '../../../../../../UnrealRespositoriosGit/MyProject/Saved/HorF7E88E9842B15DA05AD76B8B8BEAFFC7.tmp' to '../../../../../../UnrealRespositoriosGit/MyProject/Content/Blueprints/Hor.uasset'
[2016.08.28-20.17.29:387][446]LogSavePackage:Display: Finished SavePackage ../../../../../../UnrealRespositoriosGit/MyProject/Content/Blueprints/Hor.uasset
[2016.08.28-20.17.35:257][961]Cmd: OBJ SAVEPACKAGE PACKAGE="/Game/Blueprints/Level1" FILE="../../../../../../UnrealRespositoriosGit/MyProject/Content/Blueprints/Level1.umap" SILENT=true AUTOSAVING=false KEEPDIRTY=false
[2016.08.28-20.17.35:363][961]LogSavePackage: Save=84.80ms
[2016.08.28-20.17.35:363][961]LogSavePackage: Moving '../../../../../../UnrealRespositoriosGit/MyProject/Saved/Level13F949372461AA349928D11B11EEB8454.tmp' to '../../../../../../UnrealRespositoriosGit/MyProject/Content/Blueprints/Level1.umap'
[2016.08.28-20.17.35:365][961]LogSavePackage:Display: Finished SavePackage ../../../../../../UnrealRespositoriosGit/MyProject/Content/Blueprints/Level1.umap
[2016.08.28-20.17.36:027][ 12]LogBlueprintUserMessages: Early PlayInEditor Detection: Level '/Game/Blueprints/Level1.Level1:PersistentLevel' has LevelScriptBlueprint '/Game/Blueprints/Level1.Level1:PersistentLevel.Level1' with GeneratedClass '/Game/Blueprints/Level1.Level1_C' with ClassGeneratedBy '/Game/Blueprints/Level1.Level1:PersistentLevel.Level1'
[2016.08.28-20.17.36:027][ 12]LogPlayLevel: PlayLevel: No blueprints needed recompiling
[2016.08.28-20.17.36:028][ 12]PIE: New page: PIE session: Level1 (Aug 28, 2016, 11:17:36 PM)
[2016.08.28-20.17.36:028][ 12]LogPlayLevel: Creating play world package: /Game/Blueprints/UEDPIE_0_Level1
[2016.08.28-20.17.36:030][ 12]LogPlayLevel: PIE: StaticDuplicateObject took: (0.002616s)
[2016.08.28-20.17.36:031][ 12]LogAIModule: Creating AISystem for world Level1
[2016.08.28-20.17.36:031][ 12]LogPlayLevel: PIE: World Init took: (0.000619s)
[2016.08.28-20.17.36:031][ 12]LogPlayLevel: PIE: Created PIE world by copying editor world from /Game/Blueprints/Level1.Level1 to /Game/Blueprints/UEDPIE_0_Level1.Level1 (0.003506s)
[2016.08.28-20.17.36:051][ 12]LogInit: XAudio2 using 'Audio digital (S/PDIF) (Dispositivo de High Definition Audio)' : 2 channels at 44.1 kHz using 16 bits per sample (channel mask 0x3)
[2016.08.28-20.17.36:057][ 12]LogInit: FAudioDevice initialized.
[2016.08.28-20.17.36:115][ 12]LogLinker:Warning: Can't find file '/Game/Blueprints/NewGameMode'
[2016.08.28-20.17.36:115][ 12]LogLinker:Warning: Can't find file '/Game/Blueprints/NewGameMode'
[2016.08.28-20.17.36:115][ 12]LogUObjectGlobals:Warning: Failed to find object 'Class /Game/Blueprints/NewGameMode.NewGameMode_C'
[2016.08.28-20.17.36:115][ 12]LogWorld: Game class is 'GameMode'
[2016.08.28-20.17.36:117][ 12]LogWorld: Bringing World /Game/Blueprints/UEDPIE_0_Level1.Level1 up for play (max tick rate 0) at 2016.08.28-22.17.36
[2016.08.28-20.17.36:118][ 12]LogWorld: Bringing up level for play took: 0.001886
[2016.08.28-20.17.36:119][ 12]PIE: Info Play in editor start time for /Game/Blueprints/UEDPIE_0_Level1 -0.011
[2016.08.28-20.17.36:119][ 12]LogBlueprintUserMessages: Late PlayInEditor Detection: Level '/Game/Blueprints/Level1.Level1:PersistentLevel' has LevelScriptBlueprint '/Game/Blueprints/Level1.Level1:PersistentLevel.Level1' with GeneratedClass '/Game/Blueprints/Level1.Level1_C' with ClassGeneratedBy '/Game/Blueprints/Level1.Level1:PersistentLevel.Level1'
[2016.08.28-20.18.23:856][738]LogBlueprintUserMessages: Early EndPlayMap Detection: Level '/Game/Blueprints/Level1.Level1:PersistentLevel' has LevelScriptBlueprint '/Game/Blueprints/Level1.Level1:PersistentLevel.Level1' with GeneratedClass '/Game/Blueprints/Level1.Level1_C' with ClassGeneratedBy '/Game/Blueprints/Level1.Level1:PersistentLevel.Level1'
[2016.08.28-20.18.23:924][738]LogBlueprintUserMessages: Late EndPlayMap Detection: Level '/Game/Blueprints/Level1.Level1:PersistentLevel' has LevelScriptBlueprint '/Game/Blueprints/Level1.Level1:PersistentLevel.Level1' with GeneratedClass '/Game/Blueprints/Level1.Level1_C' with ClassGeneratedBy '/Game/Blueprints/Level1.Level1:PersistentLevel.Level1'
[2016.08.28-20.21.33:217][882]BlueprintLog: New page: Compile Hor
[2016.08.28-20.21.33:395][882]BlueprintEditorCompileResults: Info [2067.49] Compile of Hor successful! [in 177 ms] (/Game/Blueprints/Hor.Hor)
[2016.08.28-20.21.33:701][909]Cmd: OBJ SAVEPACKAGE PACKAGE="/Game/Blueprints/Hor" FILE="../../../../../../UnrealRespositoriosGit/MyProject/Content/Blueprints/Hor.uasset" SILENT=true
[2016.08.28-20.21.33:855][909]LogSavePackage: Save=144.56ms
[2016.08.28-20.21.33:855][909]LogSavePackage: Moving '../../../../../../UnrealRespositoriosGit/MyProject/Saved/Hor104217674225DA304599578AF63D2A99.tmp' to '../../../../../../UnrealRespositoriosGit/MyProject/Content/Blueprints/Hor.uasset'
[2016.08.28-20.21.33:857][909]LogSavePackage:Display: Finished SavePackage ../../../../../../UnrealRespositoriosGit/MyProject/Content/Blueprints/Hor.uasset
[2016.08.28-20.21.35:101][ 47]Cmd: OBJ SAVEPACKAGE PACKAGE="/Game/Blueprints/Level1" FILE="../../../../../../UnrealRespositoriosGit/MyProject/Content/Blueprints/Level1.umap" SILENT=true AUTOSAVING=false KEEPDIRTY=false
[2016.08.28-20.21.35:211][ 47]LogSavePackage: Save=84.92ms
[2016.08.28-20.21.35:211][ 47]LogSavePackage: Moving '../../../../../../UnrealRespositoriosGit/MyProject/Saved/Level19AC0A6BC48C95333A0A359AAE8F90A1E.tmp' to '../../../../../../UnrealRespositoriosGit/MyProject/Content/Blueprints/Level1.umap'
[2016.08.28-20.21.35:213][ 47]LogSavePackage:Display: Finished SavePackage ../../../../../../UnrealRespositoriosGit/MyProject/Content/Blueprints/Level1.umap
[2016.08.28-20.21.35:804][107]LogBlueprintUserMessages: Early PlayInEditor Detection: Level '/Game/Blueprints/Level1.Level1:PersistentLevel' has LevelScriptBlueprint '/Game/Blueprints/Level1.Level1:PersistentLevel.Level1' with GeneratedClass '/Game/Blueprints/Level1.Level1_C' with ClassGeneratedBy '/Game/Blueprints/Level1.Level1:PersistentLevel.Level1'
[2016.08.28-20.21.35:804][107]LogPlayLevel: PlayLevel: No blueprints needed recompiling
[2016.08.28-20.21.35:805][107]PIE: New page: PIE session: Level1 (Aug 28, 2016, 11:21:35 PM)
[2016.08.28-20.21.35:805][107]LogPlayLevel: Creating play world package: /Game/Blueprints/UEDPIE_0_Level1
[2016.08.28-20.21.35:807][107]LogPlayLevel: PIE: StaticDuplicateObject took: (0.002774s)
[2016.08.28-20.21.35:808][107]LogAIModule: Creating AISystem for world Level1
[2016.08.28-20.21.35:808][107]LogPlayLevel: PIE: World Init took: (0.000677s)
[2016.08.28-20.21.35:808][107]LogPlayLevel: PIE: Created PIE world by copying editor world from /Game/Blueprints/Level1.Level1 to /Game/Blueprints/UEDPIE_0_Level1.Level1 (0.003624s)
[2016.08.28-20.21.35:827][107]LogInit: XAudio2 using 'Audio digital (S/PDIF) (Dispositivo de High Definition Audio)' : 2 channels at 44.1 kHz using 16 bits per sample (channel mask 0x3)
[2016.08.28-20.21.35:834][107]LogInit: FAudioDevice initialized.
[2016.08.28-20.21.35:890][107]LogLinker:Warning: Can't find file '/Game/Blueprints/NewGameMode'
[2016.08.28-20.21.35:890][107]LogLinker:Warning: Can't find file '/Game/Blueprints/NewGameMode'
[2016.08.28-20.21.35:890][107]LogUObjectGlobals:Warning: Failed to find object 'Class /Game/Blueprints/NewGameMode.NewGameMode_C'
[2016.08.28-20.21.35:890][107]LogWorld: Game class is 'GameMode'
[2016.08.28-20.21.35:893][107]LogWorld: Bringing World /Game/Blueprints/UEDPIE_0_Level1.Level1 up for play (max tick rate 0) at 2016.08.28-22.21.35
[2016.08.28-20.21.35:893][107]LogWorld: Bringing up level for play took: 0.001893
[2016.08.28-20.21.35:894][107]PIE: Info Play in editor start time for /Game/Blueprints/UEDPIE_0_Level1 -0.236
[2016.08.28-20.21.35:894][107]LogBlueprintUserMessages: Late PlayInEditor Detection: Level '/Game/Blueprints/Level1.Level1:PersistentLevel' has LevelScriptBlueprint '/Game/Blueprints/Level1.Level1:PersistentLevel.Level1' with GeneratedClass '/Game/Blueprints/Level1.Level1_C' with ClassGeneratedBy '/Game/Blueprints/Level1.Level1:PersistentLevel.Level1'
[2016.08.28-20.21.58:669][839]LogBlueprintUserMessages: Early EndPlayMap Detection: Level '/Game/Blueprints/Level1.Level1:PersistentLevel' has LevelScriptBlueprint '/Game/Blueprints/Level1.Level1:PersistentLevel.Level1' with GeneratedClass '/Game/Blueprints/Level1.Level1_C' with ClassGeneratedBy '/Game/Blueprints/Level1.Level1:PersistentLevel.Level1'
[2016.08.28-20.21.58:732][839]LogBlueprintUserMessages: Late EndPlayMap Detection: Level '/Game/Blueprints/Level1.Level1:PersistentLevel' has LevelScriptBlueprint '/Game/Blueprints/Level1.Level1:PersistentLevel.Level1' with GeneratedClass '/Game/Blueprints/Level1.Level1_C' with ClassGeneratedBy '/Game/Blueprints/Level1.Level1:PersistentLevel.Level1'
[2016.08.28-20.22.17:638][958]Cmd: OBJ SAVEPACKAGE PACKAGE="/Game/Blueprints/Hor" FILE="../../../../../../UnrealRespositoriosGit/MyProject/Content/Blueprints/Hor.uasset" SILENT=true
[2016.08.28-20.22.17:778][958]LogSavePackage: Save=134.78ms
[2016.08.28-20.22.17:778][958]LogSavePackage: Moving '../../../../../../UnrealRespositoriosGit/MyProject/Saved/Hor3ED37A4B425265A15506B4A34E66B3C9.tmp' to '../../../../../../UnrealRespositoriosGit/MyProject/Content/Blueprints/Hor.uasset'
[2016.08.28-20.22.17:780][958]LogSavePackage:Display: Finished SavePackage ../../../../../../UnrealRespositoriosGit/MyProject/Content/Blueprints/Hor.uasset
[2016.08.28-20.22.35:740][102]LogBlueprintUserMessages: Early PlayInEditor Detection: Level '/Game/Blueprints/Level1.Level1:PersistentLevel' has LevelScriptBlueprint '/Game/Blueprints/Level1.Level1:PersistentLevel.Level1' with GeneratedClass '/Game/Blueprints/Level1.Level1_C' with ClassGeneratedBy '/Game/Blueprints/Level1.Level1:PersistentLevel.Level1'
[2016.08.28-20.22.35:740][102]LogPlayLevel: PlayLevel: No blueprints needed recompiling
[2016.08.28-20.22.35:740][102]PIE: New page: PIE session: Level1 (Aug 28, 2016, 11:22:35 PM)
[2016.08.28-20.22.35:740][102]LogPlayLevel: Creating play world package: /Game/Blueprints/UEDPIE_0_Level1
[2016.08.28-20.22.35:743][102]LogPlayLevel: PIE: StaticDuplicateObject took: (0.002675s)
[2016.08.28-20.22.35:744][102]LogAIModule: Creating AISystem for world Level1
[2016.08.28-20.22.35:744][102]LogPlayLevel: PIE: World Init took: (0.000671s)
[2016.08.28-20.22.35:744][102]LogPlayLevel: PIE: Created PIE world by copying editor world from /Game/Blueprints/Level1.Level1 to /Game/Blueprints/UEDPIE_0_Level1.Level1 (0.003523s)
[2016.08.28-20.22.35:762][102]LogInit: XAudio2 using 'Audio digital (S/PDIF) (Dispositivo de High Definition Audio)' : 2 channels at 44.1 kHz using 16 bits per sample (channel mask 0x3)
[2016.08.28-20.22.35:768][102]LogInit: FAudioDevice initialized.
[2016.08.28-20.22.35:817][102]LogLinker:Warning: Can't find file '/Game/Blueprints/NewGameMode'
[2016.08.28-20.22.35:817][102]LogLinker:Warning: Can't find file '/Game/Blueprints/NewGameMode'
[2016.08.28-20.22.35:817][102]LogUObjectGlobals:Warning: Failed to find object 'Class /Game/Blueprints/NewGameMode.NewGameMode_C'
[2016.08.28-20.22.35:817][102]LogWorld: Game class is 'GameMode'
[2016.08.28-20.22.35:819][102]LogWorld: Bringing World /Game/Blueprints/UEDPIE_0_Level1.Level1 up for play (max tick rate 0) at 2016.08.28-22.22.35
[2016.08.28-20.22.35:820][102]LogWorld: Bringing up level for play took: 0.002285
[2016.08.28-20.22.35:821][102]LogGameMode: Warning - PATHS NOT DEFINED or NO PLAYERSTART with positive rating
[2016.08.28-20.22.35:874][102]PIE: Info Play in editor start time for /Game/Blueprints/UEDPIE_0_Level1 -0.256
[2016.08.28-20.22.35:874][102]LogBlueprintUserMessages: Late PlayInEditor Detection: Level '/Game/Blueprints/Level1.Level1:PersistentLevel' has LevelScriptBlueprint '/Game/Blueprints/Level1.Level1:PersistentLevel.Level1' with GeneratedClass '/Game/B