Log file open, 08/28/16 19:34:12
LogInit:Display: Running engine for game: MyProject
LogPlatformFile: Not using cached read wrapper
LogInit:Display: RandInit(-978218162) SRandInit(-978218161).
LogTaskGraph: Started task graph with 4 named threads and 7 total threads with 1 sets of task threads.
LogStats: Stats thread started at 0.077171
LogInit: Version: 4.12.5-3039270+++UE4+Release-4.12
LogInit: API Version: 2992821
LogInit: Net Version: 3039270
LogDevObjectVersion: Number of dev versions registered: 13
LogDevObjectVersion:   Dev-Blueprints (B0D832E4-1F89-4F0D-ACCF-7EB736FD4AA2): 3
LogDevObjectVersion:   Dev-Build (E1C64328-A22C-4D53-A36C-8E866417BD8C): 0
LogDevObjectVersion:   Dev-Core (375EC13C-06E4-48FB-B500-84F0262A717E): 1
LogDevObjectVersion:   Dev-Editor (E4B068ED-F494-42E9-A231-DA0B2E46BB41): 2
LogDevObjectVersion:   Dev-Framework (CFFC743F-43B0-4480-9391-14DF171D2073): 6
LogDevObjectVersion:   Dev-Mobile (B02B49B5-BB20-44E9-A304-32B752E40360): 0
LogDevObjectVersion:   Dev-Networking (A4E4105C-59A1-49B5-A7C5-40C4547EDFEE): 0
LogDevObjectVersion:   Dev-Online (39C831C9-5AE6-47DC-9A44-9C173E1C8E7C): 0
LogDevObjectVersion:   Dev-Physics (78F01B33-EBEA-4F98-B9B4-84EACCB95AA2): 0
LogDevObjectVersion:   Dev-Platform (6631380F-2D4D-43E0-8009-CF276956A95A): 0
LogDevObjectVersion:   Dev-Rendering (12F88B9F-8875-4AFC-A67C-D90C383ABD29): 2
LogDevObjectVersion:   Dev-Sequencer (7B5AE74C-D270-4C10-A958-57980B212A5A): 0
LogDevObjectVersion:   Dev-VR (D7296918-1DD6-4BDD-9DE2-64A83CC13884): 0
LogInit: Compiled (64-bit): Jul  6 2016 09:09:46
LogInit: Compiled with Visual C++: 19.00.23026.00
LogInit: Build Configuration: Development
LogInit: Branch Name: ++UE4+Release-4.12
LogInit: Command line: 
LogInit: Base directory: C:/Program Files (x86)/Epic Games/4.12/Engine/Binaries/Win64/
LogInit: Installed Engine Build: 1
LogInit: Using libcurl 7.41.0
LogInit:  - built for x86_64-pc-win32
LogInit:  - supports SSL with WinSSL
LogInit:  - other features:
LogInit:      CURL_VERSION_SSL
LogInit:      CURL_VERSION_IPV6
LogInit:      CURL_VERSION_ASYNCHDNS
LogInit:      CURL_VERSION_LARGEFILE
LogInit:      CURL_VERSION_IDN
LogInit:  CurlRequestOptions (configurable via config and command line):
LogInit:  - bVerifyPeer = true  - Libcurl will verify peer certificate
LogInit:  - bUseHttpProxy = false  - Libcurl will NOT use HTTP proxy
LogInit:  - bDontReuseConnections = false  - Libcurl will reuse connections
LogInit:  - CertBundlePath = nullptr  - Libcurl will use whatever was configured at build time.
LogInit: Presizing for max 8388607 objects, including 0 objects not considered by GC, pre-allocating 0 bytes for permanent pool.
LogInit: Object subsystem initialized
[2016.08.28-17.34.12:220][  0]LogInit: Selected Device Profile: [Windows]
[2016.08.28-17.34.12:220][  0]LogInit: Applying CVar settings loaded from the selected device profile: [Windows]
[2016.08.28-17.34.12:280][  0]LogInit: Computer: DESKTOP-5FT42E9
[2016.08.28-17.34.12:280][  0]LogInit: User: Carlos
[2016.08.28-17.34.12:280][  0]LogInit: CPU Page size=65536, Cores=4
[2016.08.28-17.34.12:280][  0]LogInit: High frequency timer resolution =2.531247 MHz
[2016.08.28-17.34.12:281][  0]LogMemory: Memory total: Physical=7.4GB (8GB approx)
[2016.08.28-17.34.12:281][  0]LogMemory: Platform Memory Stats for Windows
[2016.08.28-17.34.12:281][  0]LogMemory: Process Physical Memory: 190.24 MB used, 190.24 MB peak
[2016.08.28-17.34.12:281][  0]LogMemory: Process Virtual Memory: 195.19 MB used, 195.19 MB peak
[2016.08.28-17.34.12:281][  0]LogMemory: Physical Memory: 6700.61 MB used, 7607.94 MB total
[2016.08.28-17.34.12:281][  0]LogMemory: Virtual Memory: 554.63 MB used, 134217728.00 MB total
[2016.08.28-17.34.13:236][  0]LogD3D11RHI: D3D11 adapters:
[2016.08.28-17.34.13:273][  0]LogD3D11RHI:    0. 'NVIDIA GeForce GTX 960M                 ' (Feature Level 11_0)
[2016.08.28-17.34.13:273][  0]LogD3D11RHI:       1995/0/3803 MB DedicatedVideo/DedicatedSystem/SharedSystem, Outputs:1, VendorId:0x10de
[2016.08.28-17.34.13:280][  0]LogD3D11RHI:    1. 'Intel(R) HD Graphics 530' (Feature Level 11_0)
[2016.08.28-17.34.13:280][  0]LogD3D11RHI:       128/0/3803 MB DedicatedVideo/DedicatedSystem/SharedSystem, Outputs:0, VendorId:0x8086
[2016.08.28-17.34.13:281][  0]LogD3D11RHI:    2. 'Microsoft Basic Render Driver' (Feature Level 11_0)
[2016.08.28-17.34.13:281][  0]LogD3D11RHI:       0/0/3803 MB DedicatedVideo/DedicatedSystem/SharedSystem, Outputs:0, VendorId:0x1414
[2016.08.28-17.34.13:281][  0]LogD3D11RHI: Chosen D3D11 Adapter: 0
[2016.08.28-17.34.13:289][  0]LogD3D11RHI: Creating new Direct3DDevice
[2016.08.28-17.34.13:289][  0]LogD3D11RHI:     GPU DeviceId: 0x139b (for the marketing name, search the web for "GPU Device Id")
[2016.08.28-17.34.13:289][  0]LogWindows: EnumDisplayDevices:
[2016.08.28-17.34.13:289][  0]LogWindows:    0. 'Intel(R) HD Graphics 530' (P:1 D:1)
[2016.08.28-17.34.13:289][  0]LogWindows:    1. 'Intel(R) HD Graphics 530' (P:0 D:0)
[2016.08.28-17.34.13:289][  0]LogWindows:    2. 'Intel(R) HD Graphics 530' (P:0 D:0)
[2016.08.28-17.34.13:289][  0]LogWindows: DebugString: PrimaryIsNotTheChoosenAdapter PrimaryIsNotTheChoosenAdapter PrimaryIsNotTheChoosenAdapter FoundDriverCount:0 
[2016.08.28-17.34.13:290][  0]LogD3D11RHI:     Adapter Name: NVIDIA GeForce GTX 960M                 
[2016.08.28-17.34.13:290][  0]LogD3D11RHI:   Driver Version: Unknown (internal:Unknown, unified:Unknown)
[2016.08.28-17.34.13:290][  0]LogD3D11RHI:      Driver Date: Unknown
[2016.08.28-17.34.13:290][  0]LogRHI: Texture pool is 1361 MB (70% of 1945 MB)
[2016.08.28-17.34.13:307][  0]LogD3D11RHI: Async texture creation enabled
[2016.08.28-17.34.13:317][  0]LogD3D11RHI: GPU Timing Frequency: 1000.000000 (Debug: 2 1)
[2016.08.28-17.34.13:318][  0]LogShaderCompilers: Guid format shader working directory is -20 characters bigger than the processId version (../../../../../../Users/Carlos/Documents/Unreal Projects/MyProject/Intermediate/Shaders/WorkingDirectory/13056/).
[2016.08.28-17.34.13:318][  0]LogShaderCompilers: Cleaned the shader compiler working directory 'C:/Users/Carlos/AppData/Local/Temp/UnrealShaderWorkingDir/59EF8EDC4AF6A8A3183AA487C7A4B90B/'.
[2016.08.28-17.34.13:318][  0]LogShaderCompilers:Display: Using Local Shader Compiler.
[2016.08.28-17.34.19:437][  0]LogTemp:Display: Loaded TP AllDesktopTargetPlatform
[2016.08.28-17.34.19:451][  0]LogTemp:Display: Loaded TP WindowsClientTargetPlatform
[2016.08.28-17.34.19:462][  0]LogTemp:Display: Loaded TP WindowsNoEditorTargetPlatform
[2016.08.28-17.34.19:473][  0]LogTemp:Display: Loaded TP WindowsServerTargetPlatform
[2016.08.28-17.34.19:486][  0]LogTemp:Display: Loaded TP WindowsTargetPlatform
[2016.08.28-17.34.19:498][  0]LogTemp:Display: Loaded TP AndroidTargetPlatform
[2016.08.28-17.34.19:506][  0]LogTemp:Display: Loaded TP Android_ASTCTargetPlatform
[2016.08.28-17.34.19:516][  0]LogTemp:Display: Loaded TP Android_ATCTargetPlatform
[2016.08.28-17.34.19:526][  0]LogTemp:Display: Loaded TP Android_DXTTargetPlatform
[2016.08.28-17.34.19:538][  0]LogTemp:Display: Loaded TP Android_ETC1TargetPlatform
[2016.08.28-17.34.19:548][  0]LogTemp:Display: Loaded TP Android_ETC2TargetPlatform
[2016.08.28-17.34.19:570][  0]LogTemp:Display: Loaded TP Android_MultiTargetPlatform
[2016.08.28-17.34.19:570][  0]LogTemp:Display: Loaded TP Android_PVRTCTargetPlatform
[2016.08.28-17.34.19:571][  0]LogTemp:Display: Loaded TP HTML5TargetPlatform
[2016.08.28-17.34.19:596][  0]LogTemp:Display: Loaded TP IOSTargetPlatform
[2016.08.28-17.34.19:606][  0]LogTemp:Display: Loaded TP TVOSTargetPlatform
[2016.08.28-17.34.19:617][  0]LogTemp:Display: Loaded TP LinuxNoEditorTargetPlatform
[2016.08.28-17.34.19:625][  0]LogTemp:Display: Loaded TP LinuxServerTargetPlatform
[2016.08.28-17.34.19:684][  0]LogTemp:Display: Loaded TP LinuxTargetPlatform
[2016.08.28-17.34.19:684][  0]LogTargetPlatformManager:Display: Building Assets For Windows
[2016.08.28-17.34.19:783][  0]LogDerivedDataCache:Display: Max Cache Size: 512 MB
[2016.08.28-17.34.19:870][  0]LogDerivedDataCache: Loaded boot cache 0.09s 48MB C:/Users/Carlos/AppData/Local/UnrealEngine/4.12/DerivedDataCache/Boot.ddc.
[2016.08.28-17.34.19:871][  0]LogDerivedDataCache:Display: Loaded Boot cache: C:/Users/Carlos/AppData/Local/UnrealEngine/4.12/DerivedDataCache/Boot.ddc
[2016.08.28-17.34.19:871][  0]LogDerivedDataCache: FDerivedDataBackendGraph:  Pak pak cache file ../../../../../../Users/Carlos/Documents/Unreal Projects/MyProject/DerivedDataCache/DDC.ddp not found, will not use a pak cache.
[2016.08.28-17.34.19:871][  0]LogDerivedDataCache: Unable to find inner node Pak for hierarchical cache Hierarchy.
[2016.08.28-17.34.19:871][  0]LogDerivedDataCache: FDerivedDataBackendGraph:  CompressedPak pak cache file ../../../../../../Users/Carlos/Documents/Unreal Projects/MyProject/DerivedDataCache/Compressed.ddp not found, will not use a pak cache.
[2016.08.28-17.34.19:871][  0]LogDerivedDataCache: Unable to find inner node CompressedPak for hierarchical cache Hierarchy.
[2016.08.28-17.34.19:899][  0]LogDerivedDataCache:Display: Pak cache opened for reading ../../../Engine/DerivedDataCache/Compressed.ddp.
[2016.08.28-17.34.19:911][  0]LogDerivedDataCache: Using Local data cache path C:/Users/Carlos/AppData/Local/UnrealEngine/Common/DerivedDataCache: Writable
[2016.08.28-17.34.20:130][  0]LogInit: Selected Device Profile: [Windows]
[2016.08.28-17.34.20:131][  0]LogContentStreaming: Texture pool size is 0.00 MB
[2016.08.28-17.34.20:367][  0]LogMeshUtilities: No automatic mesh reduction module available
[2016.08.28-17.34.20:367][  0]LogMeshUtilities: No automatic mesh merging module available
[2016.08.28-17.34.20:367][  0]LogMeshUtilities: No distributed automatic mesh merging module available
[2016.08.28-17.34.20:795][  0]LogAssetRegistry: FAssetRegistry took 0.0214 seconds to start up
[2016.08.28-17.34.20:818][  0]LogPackageLocalizationCache: Processed 3 localized package path(s) for 1 prioritized culture(s) in 0.019631 seconds
[2016.08.28-17.34.20:823][  0]LogUObjectArray: 28739 objects as part of root set at end of initial load.
[2016.08.28-17.34.20:823][  0]LogUObjectAllocator: 5855624 out of 0 bytes used by permanent object pool.
[2016.08.28-17.34.20:823][  0]LogUObjectArray: CloseDisregardForGC: 0/0 objects in disregard for GC pool
[2016.08.28-17.34.20:833][  0]LogInit: WinSock: version 1.1 (2.2), MaxSocks=32767, MaxUdp=65467
[2016.08.28-17.34.21:265][  0]LogSlate: SlateFontCache - WITH_FREETYPE: 1, WITH_HARFBUZZ: 1
[2016.08.28-17.34.21:265][  0]LogSlate: SlateFontCache - WITH_FREETYPE: 1, WITH_HARFBUZZ: 1
[2016.08.28-17.34.46:746][  0]LogUdpMessaging: Initializing bridge on interface 0.0.0.0:0 to multicast group 230.0.0.1:6666.
[2016.08.28-17.34.48:077][  0]SourceControl: Info Source control is disabled
[2016.08.28-17.34.48:078][  0]SourceControl: Info Source control is disabled
[2016.08.28-17.34.48:087][  0]SourceControl: Info Source control is disabled
[2016.08.28-17.34.48:095][  0]SourceControl: Info Source control is disabled
[2016.08.28-17.34.48:625][  0]LogEngine: Initializing Engine...
[2016.08.28-17.34.48:626][  0]LogHMD: SteamVR failed to initialize.  Err: 110
[2016.08.28-17.34.48:626][  0]LogHMD: SteamVR failed to initialize.  Err: 110
[2016.08.28-17.34.49:394][  0]LogAIModule: Creating AISystem for world NewWorld
[2016.08.28-17.34.49:401][  0]LogInit: XAudio2 using 'Altavoces (Conexant SmartAudio HD)' : 2 channels at 48 kHz using 32 bits per sample (channel mask 0x3)
[2016.08.28-17.34.49:461][  0]LogInit: FAudioDevice initialized.
[2016.08.28-17.34.49:492][  0]LogDerivedDataCache: Saved boot cache 0.03s 48MB C:/Users/Carlos/AppData/Local/UnrealEngine/4.12/DerivedDataCache/Boot.ddc.
[2016.08.28-17.34.49:500][  0]LogInit: Texture streaming: Enabled
[2016.08.28-17.34.49:533][  0]LogInit: Transaction tracking system initialized
[2016.08.28-17.34.49:556][  0]BlueprintLog: New page: Editor Load
[2016.08.28-17.34.49:826][  0]LocalizationService: Info Localization service is disabled
[2016.08.28-17.34.50:263][  0]LogConsoleResponse:Display: 
[2016.08.28-17.34.51:613][  0]LogCook:Display: Max memory allowance for cook 8192mb
[2016.08.28-17.34.51:613][  0]LogCook:Display: Mobile HDR setting 1
[2016.08.28-17.34.52:030][  0]LogFileCache: Scanning file cache for directory 'C:/Users/Carlos/Documents/Unreal Projects/MyProject/Content/' took 0.01s
[2016.08.28-17.34.52:093][  0]SourceControl: Info Source control is disabled
[2016.08.28-17.34.52:093][  0]Cmd: MAP LOAD FILE="../../../Engine/Content/Maps/Templates/Template_Default.umap" TEMPLATE=1 SHOWPROGRESS=1 FEATURELEVEL=3
[2016.08.28-17.34.52:094][  0]LightingResults: New page: Lighting Build
[2016.08.28-17.34.52:096][  0]MapCheck: New page: Map Check
[2016.08.28-17.34.52:096][  0]LightingResults: New page: Lighting Build
[2016.08.28-17.34.52:568][  0]LogAIModule: Creating AISystem for world Untitled_1
[2016.08.28-17.34.52:679][  0]LogEditorServer: Finished looking for orphan Actors (0.000 secs)
[2016.08.28-17.34.52:686][  0]Cmd: MAP CHECKDEP NOCLEARLOG
[2016.08.28-17.34.52:722][  0]MapCheck: Info Map check complete: 0 Error(s), 0 Warning(s), took 35.713ms to complete.
[2016.08.28-17.34.52:722][  0]LogFileHelpers: Loading map 'Template_Default' took 0.629
[2016.08.28-17.34.52:938][  0]LogCollectionManager: Loaded 0 collections in 0.002135 seconds
[2016.08.28-17.34.52:977][  0]LogFileCache: Scanning file cache for directory 'C:/Users/Carlos/Documents/Unreal Projects/MyProject/Saved/Collections/' took 0.01s
[2016.08.28-17.34.52:977][  0]LogFileCache: Scanning file cache for directory 'C:/Users/Carlos/Documents/Unreal Projects/MyProject/Content/Developers/Carlos/Collections/' took 0.01s
[2016.08.28-17.34.52:977][  0]LogFileCache: Scanning file cache for directory 'C:/Users/Carlos/Documents/Unreal Projects/MyProject/Content/Collections/' took 0.01s
[2016.08.28-17.34.52:977][  0]LogCollectionManager: Rebuilt the GUID cache for 0 collections in 0.000002 seconds
[2016.08.28-17.34.52:986][  0]LogContentBrowser: Native class hierarchy populated in 0.0083 seconds. Added 2047 classes and 369 folders.
[2016.08.28-17.34.52:990][  0]LogStats: UGameplayTagsManager::ConstructGameplayTagTree: Construct from data asset -  0.000 s
[2016.08.28-17.34.52:990][  0]LogStats: UGameplayTagsManager::ConstructGameplayTagTree: GameplayTagTreeChangedEvent.Broadcast -  0.000 s
[2016.08.28-17.34.52:991][  0]LogContentBrowser: Native class hierarchy updated for 'GameplayTags' in 0.0004 seconds. Added 12 classes and 0 folders.
[2016.08.28-17.34.52:997][  0]LogContentBrowser: Native class hierarchy updated for 'WidgetCarousel' in 0.0005 seconds. Added 0 classes and 0 folders.
[2016.08.28-17.34.54:487][  0]LogContentBrowser: Native class hierarchy updated for 'AddContentDialog' in 0.0012 seconds. Added 0 classes and 0 folders.
[2016.08.28-17.34.54:498][  0]LogContentBrowser: Native class hierarchy updated for 'SceneOutliner' in 0.0010 seconds. Added 1 classes and 2 folders.
[2016.08.28-17.34.54:589][  0]LogCrashTracker: Crashtracker disabled due to settings.
[2016.08.28-17.34.54:597][  0]LogUObjectGlobals:Warning: Failed to find object 'Class None.'
[2016.08.28-17.34.54:623][  0]LogContentBrowser: Native class hierarchy updated for 'HierarchicalLODOutliner' in 0.0005 seconds. Added 1 classes and 2 folders.
[2016.08.28-17.34.54:623][  0]LogLoad: Full Startup: 46.25 seconds (BP compile: 0.11 seconds)
[2016.08.28-17.34.54:623][  0]LogExternalProfiler: Found external profiler: VSPerf
[2016.08.28-17.34.54:624][  0]LogExternalProfiler: Using external profiler: VSPerf
[2016.08.28-17.34.54:963][  0]LogOcInput: OculusInput pre-init called
[2016.08.28-17.34.54:984][  0]LogContentStreaming: Texture pool size now 1000 MB
[2016.08.28-17.34.55:509][  1]LogAssetRegistry: Asset discovery search completed in 34.7352 seconds
[2016.08.28-17.34.55:509][  1]LogCollectionManager: Rebuilt the object cache for 0 collections in 0.000000 seconds (found 0 objects)
[2016.08.28-17.34.55:509][  1]LogCollectionManager: Fixed up redirectors for 0 collections in 0.000018 seconds (updated 0 objects)
[2016.08.28-17.34.55:529][  2]LogRenderer: Reallocating scene render targets to support 816x372 (Frame:2).
[2016.08.28-17.35.08:601][238]LogCrashTracker: 


[2016.08.28-17.35.08:601][238]LogCrashTracker: 


[2016.08.28-17.35.08:601][238]LogWindows:Error: === Critical error: ===
Fatal error!



[2016.08.28-17.35.08:632][238]LogExit: Executing StaticShutdownAfterError
[2016.08.28-17.35.08:635][238]LogWindows: FPlatformMisc::RequestExit(1)
[2016.08.28-17.35.08:635][238]Log file closed, 08/28/16 19:35:08
